==10447== Helgrind, a thread error detector
==10447== Copyright (C) 2007-2015, and GNU GPL'd, by OpenWorks LLP et al.
==10447== Using Valgrind-3.11.0 and LibVEX; rerun with -h for copyright info
==10447== Command: ./SnailColony
==10447== 
--10447-- Valgrind options:
--10447--    -v
--10447--    --tool=helgrind
--10447--    --log-fd=1
--10447-- Contents of /proc/version:
--10447--   Linux version 4.4.0-22-generic (buildd@lcy01-32) (gcc version 5.3.1 20160413 (Ubuntu 5.3.1-14ubuntu2) ) #39-Ubuntu SMP Thu May 5 16:53:32 UTC 2016
--10447-- 
--10447-- Arch and hwcaps: AMD64, LittleEndian, amd64-cx16-lzcnt-rdtscp-sse3-avx
--10447-- Page sizes: currently 4096, max supported 4096
--10447-- Valgrind library directory: /usr/lib/valgrind
--10447-- Reading syms from /home/user/workspace/SnailColony/Compile/SnailColony
--10447-- Reading syms from /lib/x86_64-linux-gnu/ld-2.23.so
--10447--   Considering /lib/x86_64-linux-gnu/ld-2.23.so ..
--10447--   .. CRC mismatch (computed d3da0723 wanted a1c29704)
--10447--   Considering /usr/lib/debug/lib/x86_64-linux-gnu/ld-2.23.so ..
--10447--   .. CRC is valid
--10447-- Reading syms from /usr/lib/valgrind/helgrind-amd64-linux
--10447--   Considering /usr/lib/valgrind/helgrind-amd64-linux ..
--10447--   .. CRC mismatch (computed b394f640 wanted 1931ee90)
--10447--    object doesn't have a symbol table
--10447--    object doesn't have a dynamic symbol table
--10447-- Scheduler: using generic scheduler lock implementation.
--10447-- Reading suppressions file: /usr/lib/valgrind/default.supp
==10447== embedded gdbserver: reading from /tmp/vgdb-pipe-from-vgdb-to-10447-by-user-on-???
==10447== embedded gdbserver: writing to   /tmp/vgdb-pipe-to-vgdb-from-10447-by-user-on-???
==10447== embedded gdbserver: shared mem   /tmp/vgdb-pipe-shared-mem-vgdb-10447-by-user-on-???
==10447== 
==10447== TO CONTROL THIS PROCESS USING vgdb (which you probably
==10447== don't want to do, unless you know exactly what you're doing,
==10447== or are doing some strange experiment):
==10447==   /usr/lib/valgrind/../../bin/vgdb --pid=10447 ...command...
==10447== 
==10447== TO DEBUG THIS PROCESS USING GDB: start GDB like this
==10447==   /path/to/gdb ./SnailColony
==10447== and then give GDB the following command
==10447==   target remote | /usr/lib/valgrind/../../bin/vgdb --pid=10447
==10447== --pid is optional if only one valgrind process is running
==10447== 
--10447-- Reading syms from /usr/lib/valgrind/vgpreload_core-amd64-linux.so
--10447--   Considering /usr/lib/valgrind/vgpreload_core-amd64-linux.so ..
--10447--   .. CRC mismatch (computed d0558d51 wanted ab599393)
--10447--    object doesn't have a symbol table
--10447-- Reading syms from /usr/lib/valgrind/vgpreload_helgrind-amd64-linux.so
--10447--   Considering /usr/lib/valgrind/vgpreload_helgrind-amd64-linux.so ..
--10447--   .. CRC mismatch (computed 362f4280 wanted 605138c8)
--10447--    object doesn't have a symbol table
--10447-- REDIR: 0x401b710 (ld-linux-x86-64.so.2:index) redirected to 0x4c36ef0 (index)
--10447-- REDIR: 0x401b930 (ld-linux-x86-64.so.2:strcmp) redirected to 0x4c37e00 (strcmp)
--10447-- REDIR: 0x401cdc0 (ld-linux-x86-64.so.2:strlen) redirected to 0x4c37150 (strlen)
--10447-- REDIR: 0x401db20 (ld-linux-x86-64.so.2:mempcpy) redirected to 0x4c3a3a0 (mempcpy)
--10447-- Reading syms from /lib/x86_64-linux-gnu/libncurses.so.5.9
--10447--    object doesn't have a symbol table
--10447-- Reading syms from /lib/x86_64-linux-gnu/libtinfo.so.5.9
--10447--    object doesn't have a symbol table
--10447-- Reading syms from /lib/x86_64-linux-gnu/libpthread-2.23.so
--10447--   Considering /usr/lib/debug/.build-id/b7/7847cc9cacbca3b5753d0d25a32e5795afe75b.debug ..
--10447--   .. build-id is valid
==10447== WARNING: new redirection conflicts with existing -- ignoring it
--10447--     old: 0x05298ef0 (pthread_spin_init   ) W-> (0000.0) 0x04c365e0 pthread_spin_init
--10447--     new: 0x05298ef0 (pthread_spin_init   ) W-> (0000.0) 0x04c365f0 pthread_spin_unlock
==10447== WARNING: new redirection conflicts with existing -- ignoring it
--10447--     old: 0x0529a980 (sem_wait@@GLIBC_2.2.) W-> (0000.0) 0x04c366d0 sem_wait@*
--10447--     new: 0x0529a980 (sem_wait@@GLIBC_2.2.) W-> (0000.0) 0x04c366c0 sem_wait
==10447== WARNING: new redirection conflicts with existing -- ignoring it
--10447--     old: 0x0529ac00 (sem_post@@GLIBC_2.2.) W-> (0000.0) 0x04c366f0 sem_post@*
--10447--     new: 0x0529ac00 (sem_post@@GLIBC_2.2.) W-> (0000.0) 0x04c366e0 sem_post
--10447-- Reading syms from /usr/lib/x86_64-linux-gnu/libstdc++.so.6.0.21
--10447--   Considering /usr/lib/x86_64-linux-gnu/libstdc++.so.6.0.21 ..
--10447--   .. CRC mismatch (computed 0fd11978 wanted a3b54b10)
--10447--    object doesn't have a symbol table
--10447-- Reading syms from /lib/x86_64-linux-gnu/libm-2.23.so
--10447--   Considering /lib/x86_64-linux-gnu/libm-2.23.so ..
--10447--   .. CRC mismatch (computed f7791cb7 wanted 92acf4be)
--10447--   Considering /usr/lib/debug/lib/x86_64-linux-gnu/libm-2.23.so ..
--10447--   .. CRC is valid
--10447-- Reading syms from /lib/x86_64-linux-gnu/libgcc_s.so.1
--10447--   Considering /lib/x86_64-linux-gnu/libgcc_s.so.1 ..
--10447--   .. CRC mismatch (computed b9a68419 wanted 29d51b00)
--10447--    object doesn't have a symbol table
--10447-- Reading syms from /lib/x86_64-linux-gnu/libc-2.23.so
--10447--   Considering /lib/x86_64-linux-gnu/libc-2.23.so ..
--10447--   .. CRC mismatch (computed 2adb2e50 wanted 9b73f606)
--10447--   Considering /usr/lib/debug/lib/x86_64-linux-gnu/libc-2.23.so ..
--10447--   .. CRC is valid
--10447-- Reading syms from /lib/x86_64-linux-gnu/libdl-2.23.so
--10447--   Considering /lib/x86_64-linux-gnu/libdl-2.23.so ..
--10447--   .. CRC mismatch (computed b7ff3c20 wanted 623a46c3)
--10447--   Considering /usr/lib/debug/lib/x86_64-linux-gnu/libdl-2.23.so ..
--10447--   .. CRC is valid
--10447-- REDIR: 0x5dd7fd0 (libc.so.6:strcasecmp) redirected to 0x4a286f0 (_vgnU_ifunc_wrapper)
--10447-- REDIR: 0x5dd3850 (libc.so.6:strcspn) redirected to 0x4a286f0 (_vgnU_ifunc_wrapper)
--10447-- REDIR: 0x5dda2c0 (libc.so.6:strncasecmp) redirected to 0x4a286f0 (_vgnU_ifunc_wrapper)
--10447-- REDIR: 0x5dd5cc0 (libc.so.6:strpbrk) redirected to 0x4a286f0 (_vgnU_ifunc_wrapper)
--10447-- REDIR: 0x5dd6050 (libc.so.6:strspn) redirected to 0x4a286f0 (_vgnU_ifunc_wrapper)
--10447-- REDIR: 0x5dd771b (libc.so.6:memcpy@GLIBC_2.2.5) redirected to 0x4a286f0 (_vgnU_ifunc_wrapper)
--10447-- REDIR: 0x5dd59d0 (libc.so.6:rindex) redirected to 0x4c36bd0 (rindex)
--10447-- REDIR: 0x5dcc550 (libc.so.6:malloc) redirected to 0x4c2ef40 (malloc)
--10447-- REDIR: 0x5dd3cf0 (libc.so.6:strlen) redirected to 0x4c37090 (strlen)
--10447-- REDIR: 0x5dd71c0 (libc.so.6:__GI_memcmp) redirected to 0x4c39380 (__GI_memcmp)
--10447-- REDIR: 0x5dd22a0 (libc.so.6:strcmp) redirected to 0x4a286f0 (_vgnU_ifunc_wrapper)
--10447-- REDIR: 0x5de7b40 (libc.so.6:__strcmp_sse2_unaligned) redirected to 0x4c37cc0 (strcmp)
--10447-- REDIR: 0x5dd4140 (libc.so.6:__GI_strncmp) redirected to 0x4c37440 (__GI_strncmp)
--10447-- REDIR: 0x5dcd290 (libc.so.6:calloc) redirected to 0x4c30ec0 (calloc)
--10447-- REDIR: 0x5dded30 (libc.so.6:strchrnul) redirected to 0x4c3a110 (strchrnul)
--10447-- REDIR: 0x5dd3e90 (libc.so.6:strnlen) redirected to 0x4c37010 (strnlen)
--10447-- REDIR: 0x5dd2050 (libc.so.6:index) redirected to 0x4a286f0 (_vgnU_ifunc_wrapper)
--10447-- REDIR: 0x5dd2080 (libc.so.6:__GI_strchr) redirected to 0x4c36d30 (__GI_strchr)
--10447-- REDIR: 0x5ddca40 (libc.so.6:__GI_memcpy) redirected to 0x4c386b0 (__GI_memcpy)
--10447-- REDIR: 0x5dd3730 (libc.so.6:strcpy) redirected to 0x4a286f0 (_vgnU_ifunc_wrapper)
--10447-- REDIR: 0x5dedfa0 (libc.so.6:__strcpy_sse2_unaligned) redirected to 0x4c37170 (strcpy)
--10447-- REDIR: 0x5dcca70 (libc.so.6:free) redirected to 0x4c301a0 (free)
--10447-- REDIR: 0x5dd6630 (libc.so.6:__GI_strstr) redirected to 0x4c3a4f0 (__strstr_sse2)
--10447-- REDIR: 0x5ddc9c0 (libc.so.6:memcpy@@GLIBC_2.14) redirected to 0x4a286f0 (_vgnU_ifunc_wrapper)
--10447-- REDIR: 0x5de7df0 (libc.so.6:__memcpy_sse2_unaligned) redirected to 0x4c381d0 (memcpy@@GLIBC_2.14)
--10447-- REDIR: 0x5e5e950 (libc.so.6:__memcpy_chk) redirected to 0x4a286f0 (_vgnU_ifunc_wrapper)
--10447-- REDIR: 0x5ea16e0 (libc.so.6:__memcpy_chk_ssse3_back) redirected to 0x4c3a400 (__memcpy_chk)
--10447-- REDIR: 0x5dccc40 (libc.so.6:realloc) redirected to 0x4c31100 (realloc)
--10447-- REDIR: 0x5dd5990 (libc.so.6:strncpy) redirected to 0x4a286f0 (_vgnU_ifunc_wrapper)
--10447-- REDIR: 0x5dee5d0 (libc.so.6:__strncpy_sse2_unaligned) redirected to 0x4c37350 (__strncpy_sse2_unaligned)
--10447-- REDIR: 0x5dd7980 (libc.so.6:__GI_mempcpy) redirected to 0x4c3a280 (__GI_mempcpy)
--10447-- REDIR: 0x5dd6c00 (libc.so.6:strstr) redirected to 0x4a286f0 (_vgnU_ifunc_wrapper)
--10447-- REDIR: 0x5df2640 (libc.so.6:__strstr_sse2_unaligned) redirected to 0x4c3a480 (strstr)
[?1049h[1;77r(B[m[4l[?7h[39;49m[39;49m[37m[40m[H[2J--10447-- REDIR: 0x5dd7780 (libc.so.6:memset) redirected to 0x4a286f0 (_vgnU_ifunc_wrapper)
--10447-- REDIR: 0x5dd7810 (libc.so.6:__GI_memset) redirected to 0x4c39830 (memset)
(0[0m[39;49m[37m[40mlqqqqqqqqqqqqqqqqqqqqqqqqqqqqqqqqqqqqqqqqqqqqqqqqqqqqqqqqqqqqqqqqqqqqqqqqqqqqqqqqqqqqqqqqqqqqqqqqqqqqqqqqqqqqqqqqqqk(B[39;49m[37m[40m[2;1H(0[0m[39;49m[37m[40mx(B[39;49m[37m[40m[116G(0[0m[39;49m[37m[40mx(B[39;49m[37m[40m[3;1H(0[0m[39;49m[37m[40mx(B[39;49m[37m[40m[116G(0[0m[39;49m[37m[40mx(B[39;49m[37m[40m[4;1H(0[0m[39;49m[37m[40mx(B[39;49m[37m[40m[116G(0[0m[39;49m[37m[40mx(B[39;49m[37m[40m[5;1H(0[0m[39;49m[37m[40mx(B[39;49m[37m[40m[116G(0[0m[39;49m[37m[40mx(B[39;49m[37m[40m[6;1H(0[0m[39;49m[37m[40mx(B[39;49m[37m[40m[116G(0[0m[39;49m[37m[40mx(B[39;49m[37m[40m[7;1H(0[0m[39;49m[37m[40mx(B[39;49m[37m[40m[116G(0[0m[39;49m[37m[40mx(B[39;49m[37m[40m[8;1H(0[0m[39;49m[37m[40mx(B[39;49m[37m[40m[116G(0[0m[39;49m[37m[40mx(B[39;49m[37m[40m[9;1H(0[0m[39;49m[37m[40mx(B[39;49m[37m[40m[116G(0[0m[39;49m[37m[40mx(B[39;49m[37m[40m[10;1H(0[0m[39;49m[37m[40mx(B[39;49m[37m[40m[116G(0[0m[39;49m[37m[40mx(B[39;49m[37m[40m[11;1H(0[0m[39;49m[37m[40mx(B[39;49m[37m[40m[116G(0[0m[39;49m[37m[40mx(B[39;49m[37m[40m[12;1H(0[0m[39;49m[37m[40mx(B[39;49m[37m[40m[116G(0[0m[39;49m[37m[40mx(B[39;49m[37m[40m[13;1H(0[0m[39;49m[37m[40mx(B[39;49m[37m[40m[116G(0[0m[39;49m[37m[40mx(B[39;49m[37m[40m[14;1H(0[0m[39;49m[37m[40mx(B[39;49m[37m[40m[116G(0[0m[39;49m[37m[40mx(B[39;49m[37m[40m[15;1H(0[0m[39;49m[37m[40mx(B[39;49m[37m[40m[116G(0[0m[39;49m[37m[40mx(B[39;49m[37m[40m[16;1H(0[0m[39;49m[37m[40mx(B[39;49m[37m[40m[116G(0[0m[39;49m[37m[40mx(B[39;49m[37m[40m[17;1H(0[0m[39;49m[37m[40mx(B[39;49m[37m[40m[116G(0[0m[39;49m[37m[40mx(B[39;49m[37m[40m[18;1H(0[0m[39;49m[37m[40mx(B[39;49m[37m[40m[116G(0[0m[39;49m[37m[40mx(B[39;49m[37m[40m[19;1H(0[0m[39;49m[37m[40mx(B[39;49m[37m[40m[116G(0[0m[39;49m[37m[40mx(B[39;49m[37m[40m[20;1H(0[0m[39;49m[37m[40mx(B[39;49m[37m[40m[116G(0[0m[39;49m[37m[40mx(B[39;49m[37m[40m[21;1H(0[0m[39;49m[37m[40mx(B[39;49m[37m[40m[116G(0[0m[39;49m[37m[40mx(B[39;49m[37m[40m[22;1H(0[0m[39;49m[37m[40mx(B[39;49m[37m[40m[116G(0[0m[39;49m[37m[40mx(B[39;49m[37m[40m[23;1H(0[0m[39;49m[37m[40mx(B[39;49m[37m[40m[116G(0[0m[39;49m[37m[40mx(B[39;49m[37m[40m[24;1H(0[0m[39;49m[37m[40mx(B[39;49m[37m[40m[116G(0[0m[39;49m[37m[40mx(B[39;49m[37m[40m[25;1H(0[0m[39;49m[37m[40mx(B[39;49m[37m[40m[116G(0[0m[39;49m[37m[40mx(B[39;49m[37m[40m[26;1H(0[0m[39;49m[37m[40mx(B[39;49m[37m[40m[116G(0[0m[39;49m[37m[40mx(B[39;49m[37m[40m[27;1H(0[0m[39;49m[37m[40mx(B[39;49m[37m[40m[116G(0[0m[39;49m[37m[40mx(B[39;49m[37m[40m[28;1H(0[0m[39;49m[37m[40mx(B[39;49m[37m[40m[116G(0[0m[39;49m[37m[40mx(B[39;49m[37m[40m[29;1H(0[0m[39;49m[37m[40mx(B[39;49m[37m[40m[116G(0[0m[39;49m[37m[40mx(B[39;49m[37m[40m[30;1H(0[0m[39;49m[37m[40mx(B[39;49m[37m[40m[116G(0[0m[39;49m[37m[40mx(B[39;49m[37m[40m[31;1H(0[0m[39;49m[37m[40mx(B[39;49m[37m[40m[116G(0[0m[39;49m[37m[40mx(B[39;49m[37m[40m[32;1H(0[0m[39;49m[37m[40mx(B[39;49m[37m[40m[116G(0[0m[39;49m[37m[40mx(B[39;49m[37m[40m[33;1H(0[0m[39;49m[37m[40mx(B[39;49m[37m[40m[116G(0[0m[39;49m[37m[40mx(B[39;49m[37m[40m[34;1H(0[0m[39;49m[37m[40mx(B[39;49m[37m[40m[116G(0[0m[39;49m[37m[40mx(B[39;49m[37m[40m[35;1H(0[0m[39;49m[37m[40mx(B[39;49m[37m[40m[116G(0[0m[39;49m[37m[40mx(B[39;49m[37m[40m[36;1H(0[0m[39;49m[37m[40mx(B[39;49m[37m[40m[116G(0[0m[39;49m[37m[40mx(B[39;49m[37m[40m[37;1H(0[0m[39;49m[37m[40mx(B[39;49m[37m[40m[116G(0[0m[39;49m[37m[40mx(B[39;49m[37m[40m[38;1H(0[0m[39;49m[37m[40mx(B[39;49m[37m[40m[116G(0[0m[39;49m[37m[40mx(B[39;49m[37m[40m[39;1H(0[0m[39;49m[37m[40mx(B[39;49m[37m[40m[116G(0[0m[39;49m[37m[40mx(B[39;49m[37m[40m[40;1H(0[0m[39;49m[37m[40mx(B[39;49m[37m[40m[116G(0[0m[39;49m[37m[40mx(B[39;49m[37m[40m[41;1H(0[0m[39;49m[37m[40mx(B[39;49m[37m[40m[116G(0[0m[39;49m[37m[40mx(B[39;49m[37m[40m[42;1H(0[0m[39;49m[37m[40mx(B[39;49m[37m[40m[116G(0[0m[39;49m[37m[40mx(B[39;49m[37m[40m[43;1H(0[0m[39;49m[37m[40mx(B[39;49m[37m[40m[116G(0[0m[39;49m[37m[40mx(B[39;49m[37m[40m[44;1H(0[0m[39;49m[37m[40mx(B[39;49m[37m[40m[116G(0[0m[39;49m[37m[40mx(B[39;49m[37m[40m[45;1H(0[0m[39;49m[37m[40mx(B[39;49m[37m[40m[116G(0[0m[39;49m[37m[40mx(B[39;49m[37m[40m[46;1H(0[0m[39;49m[37m[40mx(B[39;49m[37m[40m[116G(0[0m[39;49m[37m[40mx(B[39;49m[37m[40m[47;1H(0[0m[39;49m[37m[40mx(B[39;49m[37m[40m[116G(0[0m[39;49m[37m[40mx(B[39;49m[37m[40m[48;1H(0[0m[39;49m[37m[40mx(B[39;49m[37m[40m[116G(0[0m[39;49m[37m[40mx(B[39;49m[37m[40m[49;1H(0[0m[39;49m[37m[40mx(B[39;49m[37m[40m[116G(0[0m[39;49m[37m[40mx(B[39;49m[37m[40m[50;1H(0[0m[39;49m[37m[40mx(B[39;49m[37m[40m[116G(0[0m[39;49m[37m[40mx(B[39;49m[37m[40m[51;1H(0[0m[39;49m[37m[40mx(B[39;49m[37m[40m[116G(0[0m[39;49m[37m[40mx(B[39;49m[37m[40m[52;1H(0[0m[39;49m[37m[40mx(B[39;49m[37m[40m[116G(0[0m[39;49m[37m[40mx(B[39;49m[37m[40m[53;1H(0[0m[39;49m[37m[40mx(B[39;49m[37m[40m[116G(0[0m[39;49m[37m[40mx(B[39;49m[37m[40m[54;1H(0[0m[39;49m[37m[40mx(B[39;49m[37m[40m[116G(0[0m[39;49m[37m[40mx(B[39;49m[37m[40m[55;1H(0[0m[39;49m[37m[40mx(B[39;49m[37m[40m[116G(0[0m[39;49m[37m[40mx(B[39;49m[37m[40m[56;1H(0[0m[39;49m[37m[40mx(B[39;49m[37m[40m[116G(0[0m[39;49m[37m[40mx(B[39;49m[37m[40m[57;1H(0[0m[39;49m[37m[40mx(B[39;49m[37m[40m[116G(0[0m[39;49m[37m[40mx(B[39;49m[37m[40m[58;1H(0[0m[39;49m[37m[40mx(B[39;49m[37m[40m[116G(0[0m[39;49m[37m[40mx(B[39;49m[37m[40m[59;1H(0[0m[39;49m[37m[40mx(B[39;49m[37m[40m[116G(0[0m[39;49m[37m[40mx(B[39;49m[37m[40m[60;1H(0[0m[39;49m[37m[40mx(B[39;49m[37m[40m[116G(0[0m[39;49m[37m[40mx(B[39;49m[37m[40m[61;1H(0[0m[39;49m[37m[40mx(B[39;49m[37m[40m[116G(0[0m[39;49m[37m[40mx(B[39;49m[37m[40m[62;1H(0[0m[39;49m[37m[40mx(B[39;49m[37m[40m[116G(0[0m[39;49m[37m[40mx(B[39;49m[37m[40m[63;1H(0[0m[39;49m[37m[40mx(B[39;49m[37m[40m[116G(0[0m[39;49m[37m[40mx(B[39;49m[37m[40m[64;1H(0[0m[39;49m[37m[40mx(B[39;49m[37m[40m[116G(0[0m[39;49m[37m[40mx(B[39;49m[37m[40m[65;1H(0[0m[39;49m[37m[40mx(B[39;49m[37m[40m[116G(0[0m[39;49m[37m[40mx(B[39;49m[37m[40m[66;1H(0[0m[39;49m[37m[40mx(B[39;49m[37m[40m[116G(0[0m[39;49m[37m[40mx(B[39;49m[37m[40m[67;1H(0[0m[39;49m[37m[40mx(B[39;49m[37m[40m[116G(0[0m[39;49m[37m[40mx(B[39;49m[37m[40m[68;1H(0[0m[39;49m[37m[40mx(B[39;49m[37m[40m[116G(0[0m[39;49m[37m[40mx(B[39;49m[37m[40m[69;1H(0[0m[39;49m[37m[40mx(B[39;49m[37m[40m[116G(0[0m[39;49m[37m[40mx(B[39;49m[37m[40m[70;1H(0[0m[39;49m[37m[40mx(B[39;49m[37m[40m[116G(0[0m[39;49m[37m[40mx(B[39;49m[37m[40m[71;1H(0[0m[39;49m[37m[40mx(B[39;49m[37m[40m[116G(0[0m[39;49m[37m[40mx(B[39;49m[37m[40m[72;1H(0[0m[39;49m[37m[40mx(B[39;49m[37m[40m[116G(0[0m[39;49m[37m[40mx(B[39;49m[37m[40m[73;1H(0[0m[39;49m[37m[40mx(B[39;49m[37m[40m[116G(0[0m[39;49m[37m[40mx(B[39;49m[37m[40m[74;1H(0[0m[39;49m[37m[40mx(B[39;49m[37m[40m[116G(0[0m[39;49m[37m[40mx(B[39;49m[37m[40m[75;1H(0[0m[39;49m[37m[40mx(B[39;49m[37m[40m[116G(0[0m[39;49m[37m[40mx(B[39;49m[37m[40m[76;1H(0[0m[39;49m[37m[40mx(B[39;49m[37m[40m[116G(0[0m[39;49m[37m[40mx(B[39;49m[37m[40m[77;1H(0[0m[39;49m[37m[40mmqqqqqqqqqqqqqqqqqqqqqqqqqqqqqqqqqqqqqqqqqqqqqqqqqqqqqqqqqqqqqqqqqqqqqqqqqqqqqqqqqqqqqqqqqqqqqqqqqqqqqqqqqqqqqqqqqq[?7lj[?7h(B[39;49m[37m[40m[H(0[0m[39;49m[37m[40m(B[39;49m[37m[40m--10447-- REDIR: 0x5535e60 (libstdc++.so.6:operator new(unsigned long)) redirected to 0x4c2f4a0 (operator new(unsigned long))

[C(0[0m[39;49m[37m[40mlqqqqqqqqqqqqqqqqqqqqqqqqqqqqqqqqqqqqqqqqqqqqqqqqqqqqqqqqqqqqqqqqqqqqqqqqqqqqqqqqqqqqqqqqqqqqqqqqqqqqqqqqqqqqqqqqk(B[39;49m[37m[40m
[C(0[0m[39;49m[37m[40mx(B[39;49m[37m[40m[115G(0[0m[39;49m[37m[40mx(B[39;49m[37m[40m
[C(0[0m[39;49m[37m[40mx(B[39;49m[37m[40m[115G(0[0m[39;49m[37m[40mx(B[39;49m[37m[40m
[C(0[0m[39;49m[37m[40mx(B[39;49m[37m[40m[115G(0[0m[39;49m[37m[40mx(B[39;49m[37m[40m
[C(0[0m[39;49m[37m[40mx(B[39;49m[37m[40m[115G(0[0m[39;49m[37m[40mx(B[39;49m[37m[40m
[C(0[0m[39;49m[37m[40mx(B[39;49m[37m[40m[115G(0[0m[39;49m[37m[40mx(B[39;49m[37m[40m
[C(0[0m[39;49m[37m[40mx(B[39;49m[37m[40m[115G(0[0m[39;49m[37m[40mx(B[39;49m[37m[40m
[C(0[0m[39;49m[37m[40mx(B[39;49m[37m[40m[115G(0[0m[39;49m[37m[40mx(B[39;49m[37m[40m
[C(0[0m[39;49m[37m[40mx(B[39;49m[37m[40m[115G(0[0m[39;49m[37m[40mx(B[39;49m[37m[40m
[C(0[0m[39;49m[37m[40mx(B[39;49m[37m[40m[115G(0[0m[39;49m[37m[40mx(B[39;49m[37m[40m
[C(0[0m[39;49m[37m[40mx(B[39;49m[37m[40m[115G(0[0m[39;49m[37m[40mx(B[39;49m[37m[40m
[C(0[0m[39;49m[37m[40mx(B[39;49m[37m[40m[115G(0[0m[39;49m[37m[40mx(B[39;49m[37m[40m
[C(0[0m[39;49m[37m[40mx(B[39;49m[37m[40m[115G(0[0m[39;49m[37m[40mx(B[39;49m[37m[40m
[C(0[0m[39;49m[37m[40mx(B[39;49m[37m[40m[115G(0[0m[39;49m[37m[40mx(B[39;49m[37m[40m
[C(0[0m[39;49m[37m[40mx(B[39;49m[37m[40m[115G(0[0m[39;49m[37m[40mx(B[39;49m[37m[40m
[C(0[0m[39;49m[37m[40mx(B[39;49m[37m[40m[115G(0[0m[39;49m[37m[40mx(B[39;49m[37m[40m
[C(0[0m[39;49m[37m[40mx(B[39;49m[37m[40m[115G(0[0m[39;49m[37m[40mx(B[39;49m[37m[40m
[C(0[0m[39;49m[37m[40mx(B[39;49m[37m[40m[115G(0[0m[39;49m[37m[40mx(B[39;49m[37m[40m
[C(0[0m[39;49m[37m[40mx(B[39;49m[37m[40m[115G(0[0m[39;49m[37m[40mx(B[39;49m[37m[40m
[C(0[0m[39;49m[37m[40mx(B[39;49m[37m[40m[115G(0[0m[39;49m[37m[40mx(B[39;49m[37m[40m
[C(0[0m[39;49m[37m[40mx(B[39;49m[37m[40m[115G(0[0m[39;49m[37m[40mx(B[39;49m[37m[40m
[C(0[0m[39;49m[37m[40mx(B[39;49m[37m[40m[115G(0[0m[39;49m[37m[40mx(B[39;49m[37m[40m
[C(0[0m[39;49m[37m[40mx(B[39;49m[37m[40m[115G(0[0m[39;49m[37m[40mx(B[39;49m[37m[40m
[C(0[0m[39;49m[37m[40mx(B[39;49m[37m[40m[115G(0[0m[39;49m[37m[40mx(B[39;49m[37m[40m
[C(0[0m[39;49m[37m[40mx(B[39;49m[37m[40m[115G(0[0m[39;49m[37m[40mx(B[39;49m[37m[40m
[C(0[0m[39;49m[37m[40mx(B[39;49m[37m[40m[115G(0[0m[39;49m[37m[40mx(B[39;49m[37m[40m
[C(0[0m[39;49m[37m[40mx(B[39;49m[37m[40m[115G(0[0m[39;49m[37m[40mx(B[39;49m[37m[40m
[C(0[0m[39;49m[37m[40mx(B[39;49m[37m[40m[115G(0[0m[39;49m[37m[40mx(B[39;49m[37m[40m
[C(0[0m[39;49m[37m[40mx(B[39;49m[37m[40m[115G(0[0m[39;49m[37m[40mx(B[39;49m[37m[40m
[C(0[0m[39;49m[37m[40mx(B[39;49m[37m[40m[115G(0[0m[39;49m[37m[40mx(B[39;49m[37m[40m
[C(0[0m[39;49m[37m[40mx(B[39;49m[37m[40m[115G(0[0m[39;49m[37m[40mx(B[39;49m[37m[40m
[C(0[0m[39;49m[37m[40mx(B[39;49m[37m[40m[115G(0[0m[39;49m[37m[40mx(B[39;49m[37m[40m
[C(0[0m[39;49m[37m[40mx(B[39;49m[37m[40m[115G(0[0m[39;49m[37m[40mx(B[39;49m[37m[40m
[C(0[0m[39;49m[37m[40mx(B[39;49m[37m[40m[115G(0[0m[39;49m[37m[40mx(B[39;49m[37m[40m
[C(0[0m[39;49m[37m[40mx(B[39;49m[37m[40m[115G(0[0m[39;49m[37m[40mx(B[39;49m[37m[40m
[C(0[0m[39;49m[37m[40mx(B[39;49m[37m[40m[115G(0[0m[39;49m[37m[40mx(B[39;49m[37m[40m
[C(0[0m[39;49m[37m[40mx(B[39;49m[37m[40m[115G(0[0m[39;49m[37m[40mx(B[39;49m[37m[40m
[C(0[0m[39;49m[37m[40mx(B[39;49m[37m[40m[115G(0[0m[39;49m[37m[40mx(B[39;49m[37m[40m
[C(0[0m[39;49m[37m[40mx(B[39;49m[37m[40m[115G(0[0m[39;49m[37m[40mx(B[39;49m[37m[40m
[C(0[0m[39;49m[37m[40mx(B[39;49m[37m[40m[115G(0[0m[39;49m[37m[40mx(B[39;49m[37m[40m
[C(0[0m[39;49m[37m[40mx(B[39;49m[37m[40m[115G(0[0m[39;49m[37m[40mx(B[39;49m[37m[40m
[C(0[0m[39;49m[37m[40mx(B[39;49m[37m[40m[115G(0[0m[39;49m[37m[40mx(B[39;49m[37m[40m
[C(0[0m[39;49m[37m[40mx(B[39;49m[37m[40m[115G(0[0m[39;49m[37m[40mx(B[39;49m[37m[40m
[C(0[0m[39;49m[37m[40mx(B[39;49m[37m[40m[115G(0[0m[39;49m[37m[40mx(B[39;49m[37m[40m
[C(0[0m[39;49m[37m[40mx(B[39;49m[37m[40m[115G(0[0m[39;49m[37m[40mx(B[39;49m[37m[40m
[C(0[0m[39;49m[37m[40mx(B[39;49m[37m[40m[115G(0[0m[39;49m[37m[40mx(B[39;49m[37m[40m
[C(0[0m[39;49m[37m[40mx(B[39;49m[37m[40m[115G(0[0m[39;49m[37m[40mx(B[39;49m[37m[40m
[C(0[0m[39;49m[37m[40mx(B[39;49m[37m[40m[115G(0[0m[39;49m[37m[40mx(B[39;49m[37m[40m
[C(0[0m[39;49m[37m[40mx(B[39;49m[37m[40m[115G(0[0m[39;49m[37m[40mx(B[39;49m[37m[40m
[C(0[0m[39;49m[37m[40mx(B[39;49m[37m[40m[115G(0[0m[39;49m[37m[40mx(B[39;49m[37m[40m
[C(0[0m[39;49m[37m[40mx(B[39;49m[37m[40m[115G(0[0m[39;49m[37m[40mx(B[39;49m[37m[40m
[C(0[0m[39;49m[37m[40mx(B[39;49m[37m[40m[115G(0[0m[39;49m[37m[40mx(B[39;49m[37m[40m
[C(0[0m[39;49m[37m[40mx(B[39;49m[37m[40m[115G(0[0m[39;49m[37m[40mx(B[39;49m[37m[40m
[C(0[0m[39;49m[37m[40mx(B[39;49m[37m[40m[115G(0[0m[39;49m[37m[40mx(B[39;49m[37m[40m
[C(0[0m[39;49m[37m[40mx(B[39;49m[37m[40m[115G(0[0m[39;49m[37m[40mx(B[39;49m[37m[40m
[C(0[0m[39;49m[37m[40mx(B[39;49m[37m[40m[115G(0[0m[39;49m[37m[40mx(B[39;49m[37m[40m
[C(0[0m[39;49m[37m[40mx(B[39;49m[37m[40m[115G(0[0m[39;49m[37m[40mx(B[39;49m[37m[40m
[C(0[0m[39;49m[37m[40mx(B[39;49m[37m[40m[115G(0[0m[39;49m[37m[40mx(B[39;49m[37m[40m
[C(0[0m[39;49m[37m[40mx(B[39;49m[37m[40m[115G(0[0m[39;49m[37m[40mx(B[39;49m[37m[40m
[C(0[0m[39;49m[37m[40mx(B[39;49m[37m[40m[115G(0[0m[39;49m[37m[40mx(B[39;49m[37m[40m
[C(0[0m[39;49m[37m[40mx(B[39;49m[37m[40m[115G(0[0m[39;49m[37m[40mx(B[39;49m[37m[40m
[C(0[0m[39;49m[37m[40mx(B[39;49m[37m[40m[115G(0[0m[39;49m[37m[40mx(B[39;49m[37m[40m
[C(0[0m[39;49m[37m[40mx(B[39;49m[37m[40m[115G(0[0m[39;49m[37m[40mx(B[39;49m[37m[40m
[C(0[0m[39;49m[37m[40mx(B[39;49m[37m[40m[115G(0[0m[39;49m[37m[40mx(B[39;49m[37m[40m
[C(0[0m[39;49m[37m[40mmqqqqqqqqqqqqqqqqqqqqqqqqqqqqqqqqqqqqqqqqqqqqqqqqqqqqqqqqqqqqqqqqqqqqqqqqqqqqqqqqqqqqqqqqqqqqqqqqqqqqqqqqqqqqqqqqj(B[39;49m[37m[40m[H
[C(0[0m[39;49m[37m[40m(B[39;49m[37m[40m[H[67;2H(0[0m[39;49m[37m[40mlqqqqqqqqqqqqqqqqqqqqqqqqqqqqqqqqqqqqqqqqqqqqqqqqqqqqqqqqqqqqqqqqqqqqqqqqqqqqqqqqqqqqqqqqqqqqqqqqqqqqqqqqqqqqqqqqk(B[39;49m[37m[40m
[C(0[0m[39;49m[37m[40mx(B[39;49m[37m[40m[115G(0[0m[39;49m[37m[40mx(B[39;49m[37m[40m
[C(0[0m[39;49m[37m[40mx(B[39;49m[37m[40m[115G(0[0m[39;49m[37m[40mx(B[39;49m[37m[40m
[C(0[0m[39;49m[37m[40mx(B[39;49m[37m[40m[115G(0[0m[39;49m[37m[40mx(B[39;49m[37m[40m
[C(0[0m[39;49m[37m[40mx(B[39;49m[37m[40m[115G(0[0m[39;49m[37m[40mx(B[39;49m[37m[40m
[C(0[0m[39;49m[37m[40mx(B[39;49m[37m[40m[115G(0[0m[39;49m[37m[40mx(B[39;49m[37m[40m
[C(0[0m[39;49m[37m[40mx(B[39;49m[37m[40m[115G(0[0m[39;49m[37m[40mx(B[39;49m[37m[40m
[C(0[0m[39;49m[37m[40mx(B[39;49m[37m[40m[115G(0[0m[39;49m[37m[40mx(B[39;49m[37m[40m
[C(0[0m[39;49m[37m[40mx(B[39;49m[37m[40m[115G(0[0m[39;49m[37m[40mx(B[39;49m[37m[40m
[C(0[0m[39;49m[37m[40mmqqqqqqqqqqqqqqqqqqqqqqqqqqqqqqqqqqqqqqqqqqqqqqqqqqqqqqqqqqqqqqqqqqqqqqqqqqqqqqqqqqqqqqqqqqqqqqqqqqqqqqqqqqqqqqqqj(B[39;49m[37m[40m[67;2H(0[0m[39;49m[37m[40m(B[39;49m[37m[40m[H--10447-- REDIR: 0x52929d0 (libpthread.so.0:pthread_create@@GLIBC_2.2.5) redirected to 0x4c35cc0 (pthread_create@*)
==10447== ---Thread-Announcement------------------------------------------
==10447== 
==10447== Thread #1 is the program's root thread
==10447== 
==10447== ---Thread-Announcement------------------------------------------
==10447== 
==10447== Thread #2 was created
==10447==    at 0x5E4FB1E: clone (clone.S:74)
==10447==    by 0x5291189: create_thread (createthread.c:102)
==10447==    by 0x5292EC3: pthread_create@@GLIBC_2.2.5 (pthread_create.c:679)
==10447==    by 0x4C34BB7: ??? (in /usr/lib/valgrind/vgpreload_helgrind-amd64-linux.so)
==10447==    by 0x40994B: Snail::Snail(ColorPair, Grass*, int, int) (Snail.cpp:16)
==10447==    by 0x40ADDE: _ZN9__gnu_cxx13new_allocatorI5SnailE9constructIS1_I9ColorPairRP5GrassiiEEEvPT_DpOT0_ (in /home/user/workspace/SnailColony/Compile/SnailColony)
==10447==    by 0x40A96D: _ZNSt16allocator_traitsISaI5SnailEE9constructIS0_I9ColorPairRP5GrassiiEEEvRS1_PT_DpOT0_ (alloc_traits.h:530)
==10447==    by 0x40AA50: void std::vector<Snail, std::allocator<Snail> >::_M_emplace_back_aux<ColorPair, Grass*&, int, int>(ColorPair&&, Grass*&, int&&, int&&) (vector.tcc:416)
==10447==    by 0x40A7A1: void std::vector<Snail, std::allocator<Snail> >::emplace_back<ColorPair, Grass*&, int, int>(ColorPair&&, Grass*&, int&&, int&&) (vector.tcc:101)
==10447==    by 0x40A48B: SnailColony::add() (SnailColony.cpp:43)
==10447==    by 0x4088D5: main (main.cpp:21)
==10447== 
==10447== ----------------------------------------------------------------
==10447== 
==10447== Possible data race during read of size 4 at 0x6329168 by thread #1
==10447== Locks held: none
==10447==    at 0x40B418: Snail::Snail(Snail const&) (Snail.h:14)
==10447==    by 0x40B4BD: _ZSt10_ConstructI5SnailIS0_EEvPT_DpOT0_ (in /home/user/workspace/SnailColony/Compile/SnailColony)
==10447==    by 0x40B33F: Snail* std::__uninitialized_copy<false>::__uninit_copy<std::move_iterator<Snail*>, Snail*>(std::move_iterator<Snail*>, std::move_iterator<Snail*>, Snail*) (stl_uninitialized.h:75)
==10447==    by 0x40B2CE: Snail* std::uninitialized_copy<std::move_iterator<Snail*>, Snail*>(std::move_iterator<Snail*>, std::move_iterator<Snail*>, Snail*) (stl_uninitialized.h:126)
==10447==    by 0x40B1B7: Snail* std::__uninitialized_copy_a<std::move_iterator<Snail*>, Snail*, Snail>(std::move_iterator<Snail*>, std::move_iterator<Snail*>, Snail*, std::allocator<Snail>&) (stl_uninitialized.h:281)
==10447==    by 0x40AF75: Snail* std::__uninitialized_move_if_noexcept_a<Snail*, Snail*, std::allocator<Snail> >(Snail*, Snail*, Snail*, std::allocator<Snail>&) (stl_uninitialized.h:304)
==10447==    by 0x40AA82: void std::vector<Snail, std::allocator<Snail> >::_M_emplace_back_aux<ColorPair, Grass*&, int, int>(ColorPair&&, Grass*&, int&&, int&&) (vector.tcc:420)
==10447==    by 0x40A7A1: void std::vector<Snail, std::allocator<Snail> >::emplace_back<ColorPair, Grass*&, int, int>(ColorPair&&, Grass*&, int&&, int&&) (vector.tcc:101)
==10447==    by 0x40A48B: SnailColony::add() (SnailColony.cpp:43)
==10447==    by 0x4088E9: main (main.cpp:22)
==10447== 
==10447== This conflicts with a previous write of size 4 by thread #2
==10447== Locks held: none
==10447==    at 0x409B1A: Snail::makeRandomMove() (Snail.cpp:76)
==10447==    by 0x409E19: Snail::snailThreadFn(void*) (Snail.cpp:160)
==10447==    by 0x4C34DB6: ??? (in /usr/lib/valgrind/vgpreload_helgrind-amd64-linux.so)
==10447==    by 0x52926F9: start_thread (pthread_create.c:333)
==10447==    by 0x5E4FB5C: clone (clone.S:109)
==10447==  Address 0x6329168 is 8 bytes inside a block of size 48 alloc'd
==10447==    at 0x4C2F50F: operator new(unsigned long) (in /usr/lib/valgrind/vgpreload_helgrind-amd64-linux.so)
==10447==    by 0x40B282: __gnu_cxx::new_allocator<Snail>::allocate(unsigned long, void const*) (new_allocator.h:104)
==10447==    by 0x40B13E: std::allocator_traits<std::allocator<Snail> >::allocate(std::allocator<Snail>&, unsigned long) (alloc_traits.h:491)
==10447==    by 0x40AF1F: std::_Vector_base<Snail, std::allocator<Snail> >::_M_allocate(unsigned long) (stl_vector.h:170)
==10447==    by 0x40A9C9: void std::vector<Snail, std::allocator<Snail> >::_M_emplace_back_aux<ColorPair, Grass*&, int, int>(ColorPair&&, Grass*&, int&&, int&&) (vector.tcc:412)
==10447==    by 0x40A7A1: void std::vector<Snail, std::allocator<Snail> >::emplace_back<ColorPair, Grass*&, int, int>(ColorPair&&, Grass*&, int&&, int&&) (vector.tcc:101)
==10447==    by 0x40A48B: SnailColony::add() (SnailColony.cpp:43)
==10447==    by 0x4088D5: main (main.cpp:21)
==10447==  Block was alloc'd by thread #1
==10447== 
==10447== ----------------------------------------------------------------
==10447== 
==10447== Possible data race during read of size 4 at 0x632916C by thread #1
==10447== Locks held: none
==10447==    at 0x40B426: Snail::Snail(Snail const&) (Snail.h:14)
==10447==    by 0x40B4BD: _ZSt10_ConstructI5SnailIS0_EEvPT_DpOT0_ (in /home/user/workspace/SnailColony/Compile/SnailColony)
==10447==    by 0x40B33F: Snail* std::__uninitialized_copy<false>::__uninit_copy<std::move_iterator<Snail*>, Snail*>(std::move_iterator<Snail*>, std::move_iterator<Snail*>, Snail*) (stl_uninitialized.h:75)
==10447==    by 0x40B2CE: Snail* std::uninitialized_copy<std::move_iterator<Snail*>, Snail*>(std::move_iterator<Snail*>, std::move_iterator<Snail*>, Snail*) (stl_uninitialized.h:126)
==10447==    by 0x40B1B7: Snail* std::__uninitialized_copy_a<std::move_iterator<Snail*>, Snail*, Snail>(std::move_iterator<Snail*>, std::move_iterator<Snail*>, Snail*, std::allocator<Snail>&) (stl_uninitialized.h:281)
==10447==    by 0x40AF75: Snail* std::__uninitialized_move_if_noexcept_a<Snail*, Snail*, std::allocator<Snail> >(Snail*, Snail*, Snail*, std::allocator<Snail>&) (stl_uninitialized.h:304)
==10447==    by 0x40AA82: void std::vector<Snail, std::allocator<Snail> >::_M_emplace_back_aux<ColorPair, Grass*&, int, int>(ColorPair&&, Grass*&, int&&, int&&) (vector.tcc:420)
==10447==    by 0x40A7A1: void std::vector<Snail, std::allocator<Snail> >::emplace_back<ColorPair, Grass*&, int, int>(ColorPair&&, Grass*&, int&&, int&&) (vector.tcc:101)
==10447==    by 0x40A48B: SnailColony::add() (SnailColony.cpp:43)
==10447==    by 0x4088E9: main (main.cpp:22)
==10447== 
==10447== This conflicts with a previous write of size 4 by thread #2
==10447== Locks held: none
==10447==    at 0x409B2D: Snail::makeRandomMove() (Snail.cpp:77)
==10447==    by 0x409E19: Snail::snailThreadFn(void*) (Snail.cpp:160)
==10447==    by 0x4C34DB6: ??? (in /usr/lib/valgrind/vgpreload_helgrind-amd64-linux.so)
==10447==    by 0x52926F9: start_thread (pthread_create.c:333)
==10447==    by 0x5E4FB5C: clone (clone.S:109)
==10447==  Address 0x632916c is 12 bytes inside a block of size 48 alloc'd
==10447==    at 0x4C2F50F: operator new(unsigned long) (in /usr/lib/valgrind/vgpreload_helgrind-amd64-linux.so)
==10447==    by 0x40B282: __gnu_cxx::new_allocator<Snail>::allocate(unsigned long, void const*) (new_allocator.h:104)
==10447==    by 0x40B13E: std::allocator_traits<std::allocator<Snail> >::allocate(std::allocator<Snail>&, unsigned long) (alloc_traits.h:491)
==10447==    by 0x40AF1F: std::_Vector_base<Snail, std::allocator<Snail> >::_M_allocate(unsigned long) (stl_vector.h:170)
==10447==    by 0x40A9C9: void std::vector<Snail, std::allocator<Snail> >::_M_emplace_back_aux<ColorPair, Grass*&, int, int>(ColorPair&&, Grass*&, int&&, int&&) (vector.tcc:412)
==10447==    by 0x40A7A1: void std::vector<Snail, std::allocator<Snail> >::emplace_back<ColorPair, Grass*&, int, int>(ColorPair&&, Grass*&, int&&, int&&) (vector.tcc:101)
==10447==    by 0x40A48B: SnailColony::add() (SnailColony.cpp:43)
==10447==    by 0x4088D5: main (main.cpp:21)
==10447==  Block was alloc'd by thread #1
==10447== 
==10447== ----------------------------------------------------------------
==10447== 
==10447== Possible data race during read of size 4 at 0x6329180 by thread #1
==10447== Locks held: none
==10447==    at 0x40B460: Snail::Snail(Snail const&) (Snail.h:14)
==10447==    by 0x40B4BD: _ZSt10_ConstructI5SnailIS0_EEvPT_DpOT0_ (in /home/user/workspace/SnailColony/Compile/SnailColony)
==10447==    by 0x40B33F: Snail* std::__uninitialized_copy<false>::__uninit_copy<std::move_iterator<Snail*>, Snail*>(std::move_iterator<Snail*>, std::move_iterator<Snail*>, Snail*) (stl_uninitialized.h:75)
==10447==    by 0x40B2CE: Snail* std::uninitialized_copy<std::move_iterator<Snail*>, Snail*>(std::move_iterator<Snail*>, std::move_iterator<Snail*>, Snail*) (stl_uninitialized.h:126)
==10447==    by 0x40B1B7: Snail* std::__uninitialized_copy_a<std::move_iterator<Snail*>, Snail*, Snail>(std::move_iterator<Snail*>, std::move_iterator<Snail*>, Snail*, std::allocator<Snail>&) (stl_uninitialized.h:281)
==10447==    by 0x40AF75: Snail* std::__uninitialized_move_if_noexcept_a<Snail*, Snail*, std::allocator<Snail> >(Snail*, Snail*, Snail*, std::allocator<Snail>&) (stl_uninitialized.h:304)
==10447==    by 0x40AA82: void std::vector<Snail, std::allocator<Snail> >::_M_emplace_back_aux<ColorPair, Grass*&, int, int>(ColorPair&&, Grass*&, int&&, int&&) (vector.tcc:420)
==10447==    by 0x40A7A1: void std::vector<Snail, std::allocator<Snail> >::emplace_back<ColorPair, Grass*&, int, int>(ColorPair&&, Grass*&, int&&, int&&) (vector.tcc:101)
==10447==    by 0x40A48B: SnailColony::add() (SnailColony.cpp:43)
==10447==    by 0x4088E9: main (main.cpp:22)
==10447== 
==10447== This conflicts with a previous write of size 4 by thread #2
==10447== Locks held: none
==10447==    at 0x409BDC: Snail::increaseHunger(unsigned int) (Snail.cpp:102)
==10447==    by 0x409ADB: Snail::makeRandomMove() (Snail.cpp:71)
==10447==    by 0x409E19: Snail::snailThreadFn(void*) (Snail.cpp:160)
==10447==    by 0x4C34DB6: ??? (in /usr/lib/valgrind/vgpreload_helgrind-amd64-linux.so)
==10447==    by 0x52926F9: start_thread (pthread_create.c:333)
==10447==    by 0x5E4FB5C: clone (clone.S:109)
==10447==  Address 0x6329180 is 32 bytes inside a block of size 48 alloc'd
==10447==    at 0x4C2F50F: operator new(unsigned long) (in /usr/lib/valgrind/vgpreload_helgrind-amd64-linux.so)
==10447==    by 0x40B282: __gnu_cxx::new_allocator<Snail>::allocate(unsigned long, void const*) (new_allocator.h:104)
==10447==    by 0x40B13E: std::allocator_traits<std::allocator<Snail> >::allocate(std::allocator<Snail>&, unsigned long) (alloc_traits.h:491)
==10447==    by 0x40AF1F: std::_Vector_base<Snail, std::allocator<Snail> >::_M_allocate(unsigned long) (stl_vector.h:170)
==10447==    by 0x40A9C9: void std::vector<Snail, std::allocator<Snail> >::_M_emplace_back_aux<ColorPair, Grass*&, int, int>(ColorPair&&, Grass*&, int&&, int&&) (vector.tcc:412)
==10447==    by 0x40A7A1: void std::vector<Snail, std::allocator<Snail> >::emplace_back<ColorPair, Grass*&, int, int>(ColorPair&&, Grass*&, int&&, int&&) (vector.tcc:101)
==10447==    by 0x40A48B: SnailColony::add() (SnailColony.cpp:43)
==10447==    by 0x4088D5: main (main.cpp:21)
==10447==  Block was alloc'd by thread #1
==10447== 
--10447-- REDIR: 0x5533f10 (libstdc++.so.6:operator delete(void*)) redirected to 0x4c30600 (operator delete(void*))
==10447== 
==10447== Process terminating with default action of signal 11 (SIGSEGV)
==10447==  Access not within mapped region at address 0x7E
==10447==    at 0x40A199: Tile::shrink(unsigned int) (Tile.cpp:50)
==10447==    by 0x409A7F: Snail::eat() (Snail.cpp:63)
==10447==    by 0x409B4F: Snail::makeRandomMove() (Snail.cpp:80)
==10447==    by 0x409E19: Snail::snailThreadFn(void*) (Snail.cpp:160)
==10447==    by 0x4C34DB6: ??? (in /usr/lib/valgrind/vgpreload_helgrind-amd64-linux.so)
==10447==    by 0x52926F9: start_thread (pthread_create.c:333)
==10447==    by 0x5E4FB5C: clone (clone.S:109)
==10447==  If you believe this happened as a result of a stack
==10447==  overflow in your program's main thread (unlikely but
==10447==  possible), you can try to increase the size of the
==10447==  main thread stack using the --main-stacksize= flag.
==10447==  The main thread stack size used in this run was 8388608.
==10447== 
==10447== ERROR SUMMARY: 6 errors from 3 contexts (suppressed: 34 from 14)
==10447== 
==10447== 2 errors in context 1 of 3:
==10447== ----------------------------------------------------------------
==10447== 
==10447== Possible data race during read of size 4 at 0x6329180 by thread #1
==10447== Locks held: none
==10447==    at 0x40B460: Snail::Snail(Snail const&) (Snail.h:14)
==10447==    by 0x40B4BD: _ZSt10_ConstructI5SnailIS0_EEvPT_DpOT0_ (in /home/user/workspace/SnailColony/Compile/SnailColony)
==10447==    by 0x40B33F: Snail* std::__uninitialized_copy<false>::__uninit_copy<std::move_iterator<Snail*>, Snail*>(std::move_iterator<Snail*>, std::move_iterator<Snail*>, Snail*) (stl_uninitialized.h:75)
==10447==    by 0x40B2CE: Snail* std::uninitialized_copy<std::move_iterator<Snail*>, Snail*>(std::move_iterator<Snail*>, std::move_iterator<Snail*>, Snail*) (stl_uninitialized.h:126)
==10447==    by 0x40B1B7: Snail* std::__uninitialized_copy_a<std::move_iterator<Snail*>, Snail*, Snail>(std::move_iterator<Snail*>, std::move_iterator<Snail*>, Snail*, std::allocator<Snail>&) (stl_uninitialized.h:281)
==10447==    by 0x40AF75: Snail* std::__uninitialized_move_if_noexcept_a<Snail*, Snail*, std::allocator<Snail> >(Snail*, Snail*, Snail*, std::allocator<Snail>&) (stl_uninitialized.h:304)
==10447==    by 0x40AA82: void std::vector<Snail, std::allocator<Snail> >::_M_emplace_back_aux<ColorPair, Grass*&, int, int>(ColorPair&&, Grass*&, int&&, int&&) (vector.tcc:420)
==10447==    by 0x40A7A1: void std::vector<Snail, std::allocator<Snail> >::emplace_back<ColorPair, Grass*&, int, int>(ColorPair&&, Grass*&, int&&, int&&) (vector.tcc:101)
==10447==    by 0x40A48B: SnailColony::add() (SnailColony.cpp:43)
==10447==    by 0x4088E9: main (main.cpp:22)
==10447== 
==10447== This conflicts with a previous write of size 4 by thread #2
==10447== Locks held: none
==10447==    at 0x409BDC: Snail::increaseHunger(unsigned int) (Snail.cpp:102)
==10447==    by 0x409ADB: Snail::makeRandomMove() (Snail.cpp:71)
==10447==    by 0x409E19: Snail::snailThreadFn(void*) (Snail.cpp:160)
==10447==    by 0x4C34DB6: ??? (in /usr/lib/valgrind/vgpreload_helgrind-amd64-linux.so)
==10447==    by 0x52926F9: start_thread (pthread_create.c:333)
==10447==    by 0x5E4FB5C: clone (clone.S:109)
==10447==  Address 0x6329180 is 32 bytes inside a block of size 48 alloc'd
==10447==    at 0x4C2F50F: operator new(unsigned long) (in /usr/lib/valgrind/vgpreload_helgrind-amd64-linux.so)
==10447==    by 0x40B282: __gnu_cxx::new_allocator<Snail>::allocate(unsigned long, void const*) (new_allocator.h:104)
==10447==    by 0x40B13E: std::allocator_traits<std::allocator<Snail> >::allocate(std::allocator<Snail>&, unsigned long) (alloc_traits.h:491)
==10447==    by 0x40AF1F: std::_Vector_base<Snail, std::allocator<Snail> >::_M_allocate(unsigned long) (stl_vector.h:170)
==10447==    by 0x40A9C9: void std::vector<Snail, std::allocator<Snail> >::_M_emplace_back_aux<ColorPair, Grass*&, int, int>(ColorPair&&, Grass*&, int&&, int&&) (vector.tcc:412)
==10447==    by 0x40A7A1: void std::vector<Snail, std::allocator<Snail> >::emplace_back<ColorPair, Grass*&, int, int>(ColorPair&&, Grass*&, int&&, int&&) (vector.tcc:101)
==10447==    by 0x40A48B: SnailColony::add() (SnailColony.cpp:43)
==10447==    by 0x4088D5: main (main.cpp:21)
==10447==  Block was alloc'd by thread #1
==10447== 
==10447== 
==10447== 2 errors in context 2 of 3:
==10447== ----------------------------------------------------------------
==10447== 
==10447== Possible data race during read of size 4 at 0x632916C by thread #1
==10447== Locks held: none
==10447==    at 0x40B426: Snail::Snail(Snail const&) (Snail.h:14)
==10447==    by 0x40B4BD: _ZSt10_ConstructI5SnailIS0_EEvPT_DpOT0_ (in /home/user/workspace/SnailColony/Compile/SnailColony)
==10447==    by 0x40B33F: Snail* std::__uninitialized_copy<false>::__uninit_copy<std::move_iterator<Snail*>, Snail*>(std::move_iterator<Snail*>, std::move_iterator<Snail*>, Snail*) (stl_uninitialized.h:75)
==10447==    by 0x40B2CE: Snail* std::uninitialized_copy<std::move_iterator<Snail*>, Snail*>(std::move_iterator<Snail*>, std::move_iterator<Snail*>, Snail*) (stl_uninitialized.h:126)
==10447==    by 0x40B1B7: Snail* std::__uninitialized_copy_a<std::move_iterator<Snail*>, Snail*, Snail>(std::move_iterator<Snail*>, std::move_iterator<Snail*>, Snail*, std::allocator<Snail>&) (stl_uninitialized.h:281)
==10447==    by 0x40AF75: Snail* std::__uninitialized_move_if_noexcept_a<Snail*, Snail*, std::allocator<Snail> >(Snail*, Snail*, Snail*, std::allocator<Snail>&) (stl_uninitialized.h:304)
==10447==    by 0x40AA82: void std::vector<Snail, std::allocator<Snail> >::_M_emplace_back_aux<ColorPair, Grass*&, int, int>(ColorPair&&, Grass*&, int&&, int&&) (vector.tcc:420)
==10447==    by 0x40A7A1: void std::vector<Snail, std::allocator<Snail> >::emplace_back<ColorPair, Grass*&, int, int>(ColorPair&&, Grass*&, int&&, int&&) (vector.tcc:101)
==10447==    by 0x40A48B: SnailColony::add() (SnailColony.cpp:43)
==10447==    by 0x4088E9: main (main.cpp:22)
==10447== 
==10447== This conflicts with a previous write of size 4 by thread #2
==10447== Locks held: none
==10447==    at 0x409B2D: Snail::makeRandomMove() (Snail.cpp:77)
==10447==    by 0x409E19: Snail::snailThreadFn(void*) (Snail.cpp:160)
==10447==    by 0x4C34DB6: ??? (in /usr/lib/valgrind/vgpreload_helgrind-amd64-linux.so)
==10447==    by 0x52926F9: start_thread (pthread_create.c:333)
==10447==    by 0x5E4FB5C: clone (clone.S:109)
==10447==  Address 0x632916c is 12 bytes inside a block of size 48 alloc'd
==10447==    at 0x4C2F50F: operator new(unsigned long) (in /usr/lib/valgrind/vgpreload_helgrind-amd64-linux.so)
==10447==    by 0x40B282: __gnu_cxx::new_allocator<Snail>::allocate(unsigned long, void const*) (new_allocator.h:104)
==10447==    by 0x40B13E: std::allocator_traits<std::allocator<Snail> >::allocate(std::allocator<Snail>&, unsigned long) (alloc_traits.h:491)
==10447==    by 0x40AF1F: std::_Vector_base<Snail, std::allocator<Snail> >::_M_allocate(unsigned long) (stl_vector.h:170)
==10447==    by 0x40A9C9: void std::vector<Snail, std::allocator<Snail> >::_M_emplace_back_aux<ColorPair, Grass*&, int, int>(ColorPair&&, Grass*&, int&&, int&&) (vector.tcc:412)
==10447==    by 0x40A7A1: void std::vector<Snail, std::allocator<Snail> >::emplace_back<ColorPair, Grass*&, int, int>(ColorPair&&, Grass*&, int&&, int&&) (vector.tcc:101)
==10447==    by 0x40A48B: SnailColony::add() (SnailColony.cpp:43)
==10447==    by 0x4088D5: main (main.cpp:21)
==10447==  Block was alloc'd by thread #1
==10447== 
==10447== 
==10447== 2 errors in context 3 of 3:
==10447== ----------------------------------------------------------------
==10447== 
==10447== Possible data race during read of size 4 at 0x6329168 by thread #1
==10447== Locks held: none
==10447==    at 0x40B418: Snail::Snail(Snail const&) (Snail.h:14)
==10447==    by 0x40B4BD: _ZSt10_ConstructI5SnailIS0_EEvPT_DpOT0_ (in /home/user/workspace/SnailColony/Compile/SnailColony)
==10447==    by 0x40B33F: Snail* std::__uninitialized_copy<false>::__uninit_copy<std::move_iterator<Snail*>, Snail*>(std::move_iterator<Snail*>, std::move_iterator<Snail*>, Snail*) (stl_uninitialized.h:75)
==10447==    by 0x40B2CE: Snail* std::uninitialized_copy<std::move_iterator<Snail*>, Snail*>(std::move_iterator<Snail*>, std::move_iterator<Snail*>, Snail*) (stl_uninitialized.h:126)
==10447==    by 0x40B1B7: Snail* std::__uninitialized_copy_a<std::move_iterator<Snail*>, Snail*, Snail>(std::move_iterator<Snail*>, std::move_iterator<Snail*>, Snail*, std::allocator<Snail>&) (stl_uninitialized.h:281)
==10447==    by 0x40AF75: Snail* std::__uninitialized_move_if_noexcept_a<Snail*, Snail*, std::allocator<Snail> >(Snail*, Snail*, Snail*, std::allocator<Snail>&) (stl_uninitialized.h:304)
==10447==    by 0x40AA82: void std::vector<Snail, std::allocator<Snail> >::_M_emplace_back_aux<ColorPair, Grass*&, int, int>(ColorPair&&, Grass*&, int&&, int&&) (vector.tcc:420)
==10447==    by 0x40A7A1: void std::vector<Snail, std::allocator<Snail> >::emplace_back<ColorPair, Grass*&, int, int>(ColorPair&&, Grass*&, int&&, int&&) (vector.tcc:101)
==10447==    by 0x40A48B: SnailColony::add() (SnailColony.cpp:43)
==10447==    by 0x4088E9: main (main.cpp:22)
==10447== 
==10447== This conflicts with a previous write of size 4 by thread #2
==10447== Locks held: none
==10447==    at 0x409B1A: Snail::makeRandomMove() (Snail.cpp:76)
==10447==    by 0x409E19: Snail::snailThreadFn(void*) (Snail.cpp:160)
==10447==    by 0x4C34DB6: ??? (in /usr/lib/valgrind/vgpreload_helgrind-amd64-linux.so)
==10447==    by 0x52926F9: start_thread (pthread_create.c:333)
==10447==    by 0x5E4FB5C: clone (clone.S:109)
==10447==  Address 0x6329168 is 8 bytes inside a block of size 48 alloc'd
==10447==    at 0x4C2F50F: operator new(unsigned long) (in /usr/lib/valgrind/vgpreload_helgrind-amd64-linux.so)
==10447==    by 0x40B282: __gnu_cxx::new_allocator<Snail>::allocate(unsigned long, void const*) (new_allocator.h:104)
==10447==    by 0x40B13E: std::allocator_traits<std::allocator<Snail> >::allocate(std::allocator<Snail>&, unsigned long) (alloc_traits.h:491)
==10447==    by 0x40AF1F: std::_Vector_base<Snail, std::allocator<Snail> >::_M_allocate(unsigned long) (stl_vector.h:170)
==10447==    by 0x40A9C9: void std::vector<Snail, std::allocator<Snail> >::_M_emplace_back_aux<ColorPair, Grass*&, int, int>(ColorPair&&, Grass*&, int&&, int&&) (vector.tcc:412)
==10447==    by 0x40A7A1: void std::vector<Snail, std::allocator<Snail> >::emplace_back<ColorPair, Grass*&, int, int>(ColorPair&&, Grass*&, int&&, int&&) (vector.tcc:101)
==10447==    by 0x40A48B: SnailColony::add() (SnailColony.cpp:43)
==10447==    by 0x4088D5: main (main.cpp:21)
==10447==  Block was alloc'd by thread #1
==10447== 
--10447-- 
--10447-- used_suppression:     31 helgrind-glibc2X-004 /usr/lib/valgrind/default.supp:931
--10447-- used_suppression:      3 helgrind-glibc2X-101 /usr/lib/valgrind/default.supp:980
==10447== 
==10447== ERROR SUMMARY: 6 errors from 3 contexts (suppressed: 34 from 14)
