==9846== Memcheck, a memory error detector
==9846== Copyright (C) 2002-2015, and GNU GPL'd, by Julian Seward et al.
==9846== Using Valgrind-3.11.0 and LibVEX; rerun with -h for copyright info
==9846== Command: ./SnailColony
==9846== 
[C(0[0m[39;49m[37m[40mmqqqqqqqqqqqqqqqqqqqqqqqqqqqqqqqqqqqqqqqqqqqqqqqqqqqqqqqqqqqqqqqqqqqqqqqqqqqqqqqqqqqqqqqqqqqqqqqqqqqqqqqqqqqqqqqqj(B[39;49m[37m[40m[67;2H(0[0m[39;49m[37m[40m(B[39;49m[37m[40m[H==9846== Thread 3:
==9846== Invalid read of size 4
==9846==    at 0x409ABB: Snail::makeRandomMove() (Snail.cpp:68)
==9846==    by 0x409E0D: Snail::snailThreadFn(void*) (Snail.cpp:157)
==9846==    by 0x528C6F9: start_thread (pthread_create.c:333)
==9846==    by 0x5E49B5C: clone (clone.S:109)
==9846==  Address 0x6395554 is 68 bytes inside a block of size 96 free'd
==9846==    at 0x4C2F24B: operator delete(void*) (in /usr/lib/valgrind/vgpreload_memcheck-amd64-linux.so)
==9846==    by 0x40966D: __gnu_cxx::new_allocator<Snail>::deallocate(Snail*, unsigned long) (new_allocator.h:110)
==9846==    by 0x4095C5: std::allocator_traits<std::allocator<Snail> >::deallocate(std::allocator<Snail>&, Snail*, unsigned long) (alloc_traits.h:517)
==9846==    by 0x4094F3: std::_Vector_base<Snail, std::allocator<Snail> >::_M_deallocate(Snail*, unsigned long) (stl_vector.h:178)
==9846==    by 0x40AAE2: void std::vector<Snail, std::allocator<Snail> >::_M_emplace_back_aux<ColorPair, Grass*&, int, int>(ColorPair&&, Grass*&, int&&, int&&) (vector.tcc:438)
==9846==    by 0x40A789: void std::vector<Snail, std::allocator<Snail> >::emplace_back<ColorPair, Grass*&, int, int>(ColorPair&&, Grass*&, int&&, int&&) (vector.tcc:101)
==9846==    by 0x40A473: SnailColony::add() (SnailColony.cpp:43)
==9846==    by 0x4088FD: main (main.cpp:23)
==9846==  Block was alloc'd at
==9846==    at 0x4C2E0EF: operator new(unsigned long) (in /usr/lib/valgrind/vgpreload_memcheck-amd64-linux.so)
==9846==    by 0x40B26A: __gnu_cxx::new_allocator<Snail>::allocate(unsigned long, void const*) (new_allocator.h:104)
==9846==    by 0x40B126: std::allocator_traits<std::allocator<Snail> >::allocate(std::allocator<Snail>&, unsigned long) (alloc_traits.h:491)
==9846==    by 0x40AF07: std::_Vector_base<Snail, std::allocator<Snail> >::_M_allocate(unsigned long) (stl_vector.h:170)
==9846==    by 0x40A9B1: void std::vector<Snail, std::allocator<Snail> >::_M_emplace_back_aux<ColorPair, Grass*&, int, int>(ColorPair&&, Grass*&, int&&, int&&) (vector.tcc:412)
==9846==    by 0x40A789: void std::vector<Snail, std::allocator<Snail> >::emplace_back<ColorPair, Grass*&, int, int>(ColorPair&&, Grass*&, int&&, int&&) (vector.tcc:101)
==9846==    by 0x40A473: SnailColony::add() (SnailColony.cpp:43)
==9846==    by 0x4088E9: main (main.cpp:22)
==9846== 
==9846== Invalid read of size 4
==9846==    at 0x409B7F: Snail::increaseHunger(unsigned int) (Snail.cpp:90)
==9846==    by 0x409AD7: Snail::makeRandomMove() (Snail.cpp:70)
==9846==    by 0x409E0D: Snail::snailThreadFn(void*) (Snail.cpp:157)
==9846==    by 0x528C6F9: start_thread (pthread_create.c:333)
==9846==    by 0x5E49B5C: clone (clone.S:109)
==9846==  Address 0x6395560 is 80 bytes inside a block of size 96 free'd
==9846==    at 0x4C2F24B: operator delete(void*) (in /usr/lib/valgrind/vgpreload_memcheck-amd64-linux.so)
==9846==    by 0x40966D: __gnu_cxx::new_allocator<Snail>::deallocate(Snail*, unsigned long) (new_allocator.h:110)
==9846==    by 0x4095C5: std::allocator_traits<std::allocator<Snail> >::deallocate(std::allocator<Snail>&, Snail*, unsigned long) (alloc_traits.h:517)
==9846==    by 0x4094F3: std::_Vector_base<Snail, std::allocator<Snail> >::_M_deallocate(Snail*, unsigned long) (stl_vector.h:178)
==9846==    by 0x40AAE2: void std::vector<Snail, std::allocator<Snail> >::_M_emplace_back_aux<ColorPair, Grass*&, int, int>(ColorPair&&, Grass*&, int&&, int&&) (vector.tcc:438)
==9846==    by 0x40A789: void std::vector<Snail, std::allocator<Snail> >::emplace_back<ColorPair, Grass*&, int, int>(ColorPair&&, Grass*&, int&&, int&&) (vector.tcc:101)
==9846==    by 0x40A473: SnailColony::add() (SnailColony.cpp:43)
==9846==    by 0x4088FD: main (main.cpp:23)
==9846==  Block was alloc'd at
==9846==    at 0x4C2E0EF: operator new(unsigned long) (in /usr/lib/valgrind/vgpreload_memcheck-amd64-linux.so)
==9846==    by 0x40B26A: __gnu_cxx::new_allocator<Snail>::allocate(unsigned long, void const*) (new_allocator.h:104)
==9846==    by 0x40B126: std::allocator_traits<std::allocator<Snail> >::allocate(std::allocator<Snail>&, unsigned long) (alloc_traits.h:491)
==9846==    by 0x40AF07: std::_Vector_base<Snail, std::allocator<Snail> >::_M_allocate(unsigned long) (stl_vector.h:170)
==9846==    by 0x40A9B1: void std::vector<Snail, std::allocator<Snail> >::_M_emplace_back_aux<ColorPair, Grass*&, int, int>(ColorPair&&, Grass*&, int&&, int&&) (vector.tcc:412)
==9846==    by 0x40A789: void std::vector<Snail, std::allocator<Snail> >::emplace_back<ColorPair, Grass*&, int, int>(ColorPair&&, Grass*&, int&&, int&&) (vector.tcc:101)
==9846==    by 0x40A473: SnailColony::add() (SnailColony.cpp:43)
==9846==    by 0x4088E9: main (main.cpp:22)
==9846== 
==9846== Invalid read of size 4
==9846==    at 0x409B8B: Snail::increaseHunger(unsigned int) (Snail.cpp:92)
==9846==    by 0x409AD7: Snail::makeRandomMove() (Snail.cpp:70)
==9846==    by 0x409E0D: Snail::snailThreadFn(void*) (Snail.cpp:157)
==9846==    by 0x528C6F9: start_thread (pthread_create.c:333)
==9846==    by 0x5E49B5C: clone (clone.S:109)
==9846==  Address 0x6395560 is 80 bytes inside a block of size 96 free'd
==9846==    at 0x4C2F24B: operator delete(void*) (in /usr/lib/valgrind/vgpreload_memcheck-amd64-linux.so)
==9846==    by 0x40966D: __gnu_cxx::new_allocator<Snail>::deallocate(Snail*, unsigned long) (new_allocator.h:110)
==9846==    by 0x4095C5: std::allocator_traits<std::allocator<Snail> >::deallocate(std::allocator<Snail>&, Snail*, unsigned long) (alloc_traits.h:517)
==9846==    by 0x4094F3: std::_Vector_base<Snail, std::allocator<Snail> >::_M_deallocate(Snail*, unsigned long) (stl_vector.h:178)
==9846==    by 0x40AAE2: void std::vector<Snail, std::allocator<Snail> >::_M_emplace_back_aux<ColorPair, Grass*&, int, int>(ColorPair&&, Grass*&, int&&, int&&) (vector.tcc:438)
==9846==    by 0x40A789: void std::vector<Snail, std::allocator<Snail> >::emplace_back<ColorPair, Grass*&, int, int>(ColorPair&&, Grass*&, int&&, int&&) (vector.tcc:101)
==9846==    by 0x40A473: SnailColony::add() (SnailColony.cpp:43)
==9846==    by 0x4088FD: main (main.cpp:23)
==9846==  Block was alloc'd at
==9846==    at 0x4C2E0EF: operator new(unsigned long) (in /usr/lib/valgrind/vgpreload_memcheck-amd64-linux.so)
==9846==    by 0x40B26A: __gnu_cxx::new_allocator<Snail>::allocate(unsigned long, void const*) (new_allocator.h:104)
==9846==    by 0x40B126: std::allocator_traits<std::allocator<Snail> >::allocate(std::allocator<Snail>&, unsigned long) (alloc_traits.h:491)
==9846==    by 0x40AF07: std::_Vector_base<Snail, std::allocator<Snail> >::_M_allocate(unsigned long) (stl_vector.h:170)
==9846==    by 0x40A9B1: void std::vector<Snail, std::allocator<Snail> >::_M_emplace_back_aux<ColorPair, Grass*&, int, int>(ColorPair&&, Grass*&, int&&, int&&) (vector.tcc:412)
==9846==    by 0x40A789: void std::vector<Snail, std::allocator<Snail> >::emplace_back<ColorPair, Grass*&, int, int>(ColorPair&&, Grass*&, int&&, int&&) (vector.tcc:101)
==9846==    by 0x40A473: SnailColony::add() (SnailColony.cpp:43)
==9846==    by 0x4088E9: main (main.cpp:22)
==9846== 
==9846== Invalid read of size 4
==9846==    at 0x409BC0: Snail::increaseHunger(unsigned int) (Snail.cpp:99)
==9846==    by 0x409AD7: Snail::makeRandomMove() (Snail.cpp:70)
==9846==    by 0x409E0D: Snail::snailThreadFn(void*) (Snail.cpp:157)
==9846==    by 0x528C6F9: start_thread (pthread_create.c:333)
==9846==    by 0x5E49B5C: clone (clone.S:109)
==9846==  Address 0x6395560 is 80 bytes inside a block of size 96 free'd
==9846==    at 0x4C2F24B: operator delete(void*) (in /usr/lib/valgrind/vgpreload_memcheck-amd64-linux.so)
==9846==    by 0x40966D: __gnu_cxx::new_allocator<Snail>::deallocate(Snail*, unsigned long) (new_allocator.h:110)
==9846==    by 0x4095C5: std::allocator_traits<std::allocator<Snail> >::deallocate(std::allocator<Snail>&, Snail*, unsigned long) (alloc_traits.h:517)
==9846==    by 0x4094F3: std::_Vector_base<Snail, std::allocator<Snail> >::_M_deallocate(Snail*, unsigned long) (stl_vector.h:178)
==9846==    by 0x40AAE2: void std::vector<Snail, std::allocator<Snail> >::_M_emplace_back_aux<ColorPair, Grass*&, int, int>(ColorPair&&, Grass*&, int&&, int&&) (vector.tcc:438)
==9846==    by 0x40A789: void std::vector<Snail, std::allocator<Snail> >::emplace_back<ColorPair, Grass*&, int, int>(ColorPair&&, Grass*&, int&&, int&&) (vector.tcc:101)
==9846==    by 0x40A473: SnailColony::add() (SnailColony.cpp:43)
==9846==    by 0x4088FD: main (main.cpp:23)
==9846==  Block was alloc'd at
==9846==    at 0x4C2E0EF: operator new(unsigned long) (in /usr/lib/valgrind/vgpreload_memcheck-amd64-linux.so)
==9846==    by 0x40B26A: __gnu_cxx::new_allocator<Snail>::allocate(unsigned long, void const*) (new_allocator.h:104)
==9846==    by 0x40B126: std::allocator_traits<std::allocator<Snail> >::allocate(std::allocator<Snail>&, unsigned long) (alloc_traits.h:491)
==9846==    by 0x40AF07: std::_Vector_base<Snail, std::allocator<Snail> >::_M_allocate(unsigned long) (stl_vector.h:170)
==9846==    by 0x40A9B1: void std::vector<Snail, std::allocator<Snail> >::_M_emplace_back_aux<ColorPair, Grass*&, int, int>(ColorPair&&, Grass*&, int&&, int&&) (vector.tcc:412)
==9846==    by 0x40A789: void std::vector<Snail, std::allocator<Snail> >::emplace_back<ColorPair, Grass*&, int, int>(ColorPair&&, Grass*&, int&&, int&&) (vector.tcc:101)
==9846==    by 0x40A473: SnailColony::add() (SnailColony.cpp:43)
==9846==    by 0x4088E9: main (main.cpp:22)
==9846== 
==9846== Invalid write of size 4
==9846==    at 0x409BD0: Snail::increaseHunger(unsigned int) (Snail.cpp:99)
==9846==    by 0x409AD7: Snail::makeRandomMove() (Snail.cpp:70)
==9846==    by 0x409E0D: Snail::snailThreadFn(void*) (Snail.cpp:157)
==9846==    by 0x528C6F9: start_thread (pthread_create.c:333)
==9846==    by 0x5E49B5C: clone (clone.S:109)
==9846==  Address 0x6395560 is 80 bytes inside a block of size 96 free'd
==9846==    at 0x4C2F24B: operator delete(void*) (in /usr/lib/valgrind/vgpreload_memcheck-amd64-linux.so)
==9846==    by 0x40966D: __gnu_cxx::new_allocator<Snail>::deallocate(Snail*, unsigned long) (new_allocator.h:110)
==9846==    by 0x4095C5: std::allocator_traits<std::allocator<Snail> >::deallocate(std::allocator<Snail>&, Snail*, unsigned long) (alloc_traits.h:517)
==9846==    by 0x4094F3: std::_Vector_base<Snail, std::allocator<Snail> >::_M_deallocate(Snail*, unsigned long) (stl_vector.h:178)
==9846==    by 0x40AAE2: void std::vector<Snail, std::allocator<Snail> >::_M_emplace_back_aux<ColorPair, Grass*&, int, int>(ColorPair&&, Grass*&, int&&, int&&) (vector.tcc:438)
==9846==    by 0x40A789: void std::vector<Snail, std::allocator<Snail> >::emplace_back<ColorPair, Grass*&, int, int>(ColorPair&&, Grass*&, int&&, int&&) (vector.tcc:101)
==9846==    by 0x40A473: SnailColony::add() (SnailColony.cpp:43)
==9846==    by 0x4088FD: main (main.cpp:23)
==9846==  Block was alloc'd at
==9846==    at 0x4C2E0EF: operator new(unsigned long) (in /usr/lib/valgrind/vgpreload_memcheck-amd64-linux.so)
==9846==    by 0x40B26A: __gnu_cxx::new_allocator<Snail>::allocate(unsigned long, void const*) (new_allocator.h:104)
==9846==    by 0x40B126: std::allocator_traits<std::allocator<Snail> >::allocate(std::allocator<Snail>&, unsigned long) (alloc_traits.h:491)
==9846==    by 0x40AF07: std::_Vector_base<Snail, std::allocator<Snail> >::_M_allocate(unsigned long) (stl_vector.h:170)
==9846==    by 0x40A9B1: void std::vector<Snail, std::allocator<Snail> >::_M_emplace_back_aux<ColorPair, Grass*&, int, int>(ColorPair&&, Grass*&, int&&, int&&) (vector.tcc:412)
==9846==    by 0x40A789: void std::vector<Snail, std::allocator<Snail> >::emplace_back<ColorPair, Grass*&, int, int>(ColorPair&&, Grass*&, int&&, int&&) (vector.tcc:101)
==9846==    by 0x40A473: SnailColony::add() (SnailColony.cpp:43)
==9846==    by 0x4088E9: main (main.cpp:22)
==9846== 
==9846== Invalid read of size 8
==9846==    at 0x409D0F: Snail::drawMove(int&, int&) (Snail.cpp:132)
==9846==    by 0x409B05: Snail::makeRandomMove() (Snail.cpp:74)
==9846==    by 0x409E0D: Snail::snailThreadFn(void*) (Snail.cpp:157)
==9846==    by 0x528C6F9: start_thread (pthread_create.c:333)
==9846==    by 0x5E49B5C: clone (clone.S:109)
==9846==  Address 0x6395558 is 72 bytes inside a block of size 96 free'd
==9846==    at 0x4C2F24B: operator delete(void*) (in /usr/lib/valgrind/vgpreload_memcheck-amd64-linux.so)
==9846==    by 0x40966D: __gnu_cxx::new_allocator<Snail>::deallocate(Snail*, unsigned long) (new_allocator.h:110)
==9846==    by 0x4095C5: std::allocator_traits<std::allocator<Snail> >::deallocate(std::allocator<Snail>&, Snail*, unsigned long) (alloc_traits.h:517)
==9846==    by 0x4094F3: std::_Vector_base<Snail, std::allocator<Snail> >::_M_deallocate(Snail*, unsigned long) (stl_vector.h:178)
==9846==    by 0x40AAE2: void std::vector<Snail, std::allocator<Snail> >::_M_emplace_back_aux<ColorPair, Grass*&, int, int>(ColorPair&&, Grass*&, int&&, int&&) (vector.tcc:438)
==9846==    by 0x40A789: void std::vector<Snail, std::allocator<Snail> >::emplace_back<ColorPair, Grass*&, int, int>(ColorPair&&, Grass*&, int&&, int&&) (vector.tcc:101)
==9846==    by 0x40A473: SnailColony::add() (SnailColony.cpp:43)
==9846==    by 0x4088FD: main (main.cpp:23)
==9846==  Block was alloc'd at
==9846==    at 0x4C2E0EF: operator new(unsigned long) (in /usr/lib/valgrind/vgpreload_memcheck-amd64-linux.so)
==9846==    by 0x40B26A: __gnu_cxx::new_allocator<Snail>::allocate(unsigned long, void const*) (new_allocator.h:104)
==9846==    by 0x40B126: std::allocator_traits<std::allocator<Snail> >::allocate(std::allocator<Snail>&, unsigned long) (alloc_traits.h:491)
==9846==    by 0x40AF07: std::_Vector_base<Snail, std::allocator<Snail> >::_M_allocate(unsigned long) (stl_vector.h:170)
==9846==    by 0x40A9B1: void std::vector<Snail, std::allocator<Snail> >::_M_emplace_back_aux<ColorPair, Grass*&, int, int>(ColorPair&&, Grass*&, int&&, int&&) (vector.tcc:412)
==9846==    by 0x40A789: void std::vector<Snail, std::allocator<Snail> >::emplace_back<ColorPair, Grass*&, int, int>(ColorPair&&, Grass*&, int&&, int&&) (vector.tcc:101)
==9846==    by 0x40A473: SnailColony::add() (SnailColony.cpp:43)
==9846==    by 0x4088E9: main (main.cpp:22)
==9846== 
==9846== Invalid read of size 8
==9846==    at 0x409D22: Snail::drawMove(int&, int&) (Snail.cpp:133)
==9846==    by 0x409B05: Snail::makeRandomMove() (Snail.cpp:74)
==9846==    by 0x409E0D: Snail::snailThreadFn(void*) (Snail.cpp:157)
==9846==    by 0x528C6F9: start_thread (pthread_create.c:333)
==9846==    by 0x5E49B5C: clone (clone.S:109)
==9846==  Address 0x6395558 is 72 bytes inside a block of size 96 free'd
==9846==    at 0x4C2F24B: operator delete(void*) (in /usr/lib/valgrind/vgpreload_memcheck-amd64-linux.so)
==9846==    by 0x40966D: __gnu_cxx::new_allocator<Snail>::deallocate(Snail*, unsigned long) (new_allocator.h:110)
==9846==    by 0x4095C5: std::allocator_traits<std::allocator<Snail> >::deallocate(std::allocator<Snail>&, Snail*, unsigned long) (alloc_traits.h:517)
==9846==    by 0x4094F3: std::_Vector_base<Snail, std::allocator<Snail> >::_M_deallocate(Snail*, unsigned long) (stl_vector.h:178)
==9846==    by 0x40AAE2: void std::vector<Snail, std::allocator<Snail> >::_M_emplace_back_aux<ColorPair, Grass*&, int, int>(ColorPair&&, Grass*&, int&&, int&&) (vector.tcc:438)
==9846==    by 0x40A789: void std::vector<Snail, std::allocator<Snail> >::emplace_back<ColorPair, Grass*&, int, int>(ColorPair&&, Grass*&, int&&, int&&) (vector.tcc:101)
==9846==    by 0x40A473: SnailColony::add() (SnailColony.cpp:43)
==9846==    by 0x4088FD: main (main.cpp:23)
==9846==  Block was alloc'd at
==9846==    at 0x4C2E0EF: operator new(unsigned long) (in /usr/lib/valgrind/vgpreload_memcheck-amd64-linux.so)
==9846==    by 0x40B26A: __gnu_cxx::new_allocator<Snail>::allocate(unsigned long, void const*) (new_allocator.h:104)
==9846==    by 0x40B126: std::allocator_traits<std::allocator<Snail> >::allocate(std::allocator<Snail>&, unsigned long) (alloc_traits.h:491)
==9846==    by 0x40AF07: std::_Vector_base<Snail, std::allocator<Snail> >::_M_allocate(unsigned long) (stl_vector.h:170)
==9846==    by 0x40A9B1: void std::vector<Snail, std::allocator<Snail> >::_M_emplace_back_aux<ColorPair, Grass*&, int, int>(ColorPair&&, Grass*&, int&&, int&&) (vector.tcc:412)
==9846==    by 0x40A789: void std::vector<Snail, std::allocator<Snail> >::emplace_back<ColorPair, Grass*&, int, int>(ColorPair&&, Grass*&, int&&, int&&) (vector.tcc:101)
==9846==    by 0x40A473: SnailColony::add() (SnailColony.cpp:43)
==9846==    by 0x4088E9: main (main.cpp:22)
==9846== 
==9846== Invalid read of size 4
==9846==    at 0x409D35: Snail::drawMove(int&, int&) (Snail.cpp:135)
==9846==    by 0x409B05: Snail::makeRandomMove() (Snail.cpp:74)
==9846==    by 0x409E0D: Snail::snailThreadFn(void*) (Snail.cpp:157)
==9846==    by 0x528C6F9: start_thread (pthread_create.c:333)
==9846==    by 0x5E49B5C: clone (clone.S:109)
==9846==  Address 0x6395548 is 56 bytes inside a block of size 96 free'd
==9846==    at 0x4C2F24B: operator delete(void*) (in /usr/lib/valgrind/vgpreload_memcheck-amd64-linux.so)
==9846==    by 0x40966D: __gnu_cxx::new_allocator<Snail>::deallocate(Snail*, unsigned long) (new_allocator.h:110)
==9846==    by 0x4095C5: std::allocator_traits<std::allocator<Snail> >::deallocate(std::allocator<Snail>&, Snail*, unsigned long) (alloc_traits.h:517)
==9846==    by 0x4094F3: std::_Vector_base<Snail, std::allocator<Snail> >::_M_deallocate(Snail*, unsigned long) (stl_vector.h:178)
==9846==    by 0x40AAE2: void std::vector<Snail, std::allocator<Snail> >::_M_emplace_back_aux<ColorPair, Grass*&, int, int>(ColorPair&&, Grass*&, int&&, int&&) (vector.tcc:438)
==9846==    by 0x40A789: void std::vector<Snail, std::allocator<Snail> >::emplace_back<ColorPair, Grass*&, int, int>(ColorPair&&, Grass*&, int&&, int&&) (vector.tcc:101)
==9846==    by 0x40A473: SnailColony::add() (SnailColony.cpp:43)
==9846==    by 0x4088FD: main (main.cpp:23)
==9846==  Block was alloc'd at
==9846==    at 0x4C2E0EF: operator new(unsigned long) (in /usr/lib/valgrind/vgpreload_memcheck-amd64-linux.so)
==9846==    by 0x40B26A: __gnu_cxx::new_allocator<Snail>::allocate(unsigned long, void const*) (new_allocator.h:104)
==9846==    by 0x40B126: std::allocator_traits<std::allocator<Snail> >::allocate(std::allocator<Snail>&, unsigned long) (alloc_traits.h:491)
==9846==    by 0x40AF07: std::_Vector_base<Snail, std::allocator<Snail> >::_M_allocate(unsigned long) (stl_vector.h:170)
==9846==    by 0x40A9B1: void std::vector<Snail, std::allocator<Snail> >::_M_emplace_back_aux<ColorPair, Grass*&, int, int>(ColorPair&&, Grass*&, int&&, int&&) (vector.tcc:412)
==9846==    by 0x40A789: void std::vector<Snail, std::allocator<Snail> >::emplace_back<ColorPair, Grass*&, int, int>(ColorPair&&, Grass*&, int&&, int&&) (vector.tcc:101)
==9846==    by 0x40A473: SnailColony::add() (SnailColony.cpp:43)
==9846==    by 0x4088E9: main (main.cpp:22)
==9846== 
==9846== Invalid read of size 4
==9846==    at 0x409D54: Snail::drawMove(int&, int&) (Snail.cpp:139)
==9846==    by 0x409B05: Snail::makeRandomMove() (Snail.cpp:74)
==9846==    by 0x409E0D: Snail::snailThreadFn(void*) (Snail.cpp:157)
==9846==    by 0x528C6F9: start_thread (pthread_create.c:333)
==9846==    by 0x5E49B5C: clone (clone.S:109)
==9846==  Address 0x6395548 is 56 bytes inside a block of size 96 free'd
==9846==    at 0x4C2F24B: operator delete(void*) (in /usr/lib/valgrind/vgpreload_memcheck-amd64-linux.so)
==9846==    by 0x40966D: __gnu_cxx::new_allocator<Snail>::deallocate(Snail*, unsigned long) (new_allocator.h:110)
==9846==    by 0x4095C5: std::allocator_traits<std::allocator<Snail> >::deallocate(std::allocator<Snail>&, Snail*, unsigned long) (alloc_traits.h:517)
==9846==    by 0x4094F3: std::_Vector_base<Snail, std::allocator<Snail> >::_M_deallocate(Snail*, unsigned long) (stl_vector.h:178)
==9846==    by 0x40AAE2: void std::vector<Snail, std::allocator<Snail> >::_M_emplace_back_aux<ColorPair, Grass*&, int, int>(ColorPair&&, Grass*&, int&&, int&&) (vector.tcc:438)
==9846==    by 0x40A789: void std::vector<Snail, std::allocator<Snail> >::emplace_back<ColorPair, Grass*&, int, int>(ColorPair&&, Grass*&, int&&, int&&) (vector.tcc:101)
==9846==    by 0x40A473: SnailColony::add() (SnailColony.cpp:43)
==9846==    by 0x4088FD: main (main.cpp:23)
==9846==  Block was alloc'd at
==9846==    at 0x4C2E0EF: operator new(unsigned long) (in /usr/lib/valgrind/vgpreload_memcheck-amd64-linux.so)
==9846==    by 0x40B26A: __gnu_cxx::new_allocator<Snail>::allocate(unsigned long, void const*) (new_allocator.h:104)
==9846==    by 0x40B126: std::allocator_traits<std::allocator<Snail> >::allocate(std::allocator<Snail>&, unsigned long) (alloc_traits.h:491)
==9846==    by 0x40AF07: std::_Vector_base<Snail, std::allocator<Snail> >::_M_allocate(unsigned long) (stl_vector.h:170)
==9846==    by 0x40A9B1: void std::vector<Snail, std::allocator<Snail> >::_M_emplace_back_aux<ColorPair, Grass*&, int, int>(ColorPair&&, Grass*&, int&&, int&&) (vector.tcc:412)
==9846==    by 0x40A789: void std::vector<Snail, std::allocator<Snail> >::emplace_back<ColorPair, Grass*&, int, int>(ColorPair&&, Grass*&, int&&, int&&) (vector.tcc:101)
==9846==    by 0x40A473: SnailColony::add() (SnailColony.cpp:43)
==9846==    by 0x4088E9: main (main.cpp:22)
==9846== 
==9846== Invalid read of size 8
==9846==    at 0x409D5B: Snail::drawMove(int&, int&) (Snail.cpp:139)
==9846==    by 0x409B05: Snail::makeRandomMove() (Snail.cpp:74)
==9846==    by 0x409E0D: Snail::snailThreadFn(void*) (Snail.cpp:157)
==9846==    by 0x528C6F9: start_thread (pthread_create.c:333)
==9846==    by 0x5E49B5C: clone (clone.S:109)
==9846==  Address 0x6395558 is 72 bytes inside a block of size 96 free'd
==9846==    at 0x4C2F24B: operator delete(void*) (in /usr/lib/valgrind/vgpreload_memcheck-amd64-linux.so)
==9846==    by 0x40966D: __gnu_cxx::new_allocator<Snail>::deallocate(Snail*, unsigned long) (new_allocator.h:110)
==9846==    by 0x4095C5: std::allocator_traits<std::allocator<Snail> >::deallocate(std::allocator<Snail>&, Snail*, unsigned long) (alloc_traits.h:517)
==9846==    by 0x4094F3: std::_Vector_base<Snail, std::allocator<Snail> >::_M_deallocate(Snail*, unsigned long) (stl_vector.h:178)
==9846==    by 0x40AAE2: void std::vector<Snail, std::allocator<Snail> >::_M_emplace_back_aux<ColorPair, Grass*&, int, int>(ColorPair&&, Grass*&, int&&, int&&) (vector.tcc:438)
==9846==    by 0x40A789: void std::vector<Snail, std::allocator<Snail> >::emplace_back<ColorPair, Grass*&, int, int>(ColorPair&&, Grass*&, int&&, int&&) (vector.tcc:101)
==9846==    by 0x40A473: SnailColony::add() (SnailColony.cpp:43)
==9846==    by 0x4088FD: main (main.cpp:23)
==9846==  Block was alloc'd at
==9846==    at 0x4C2E0EF: operator new(unsigned long) (in /usr/lib/valgrind/vgpreload_memcheck-amd64-linux.so)
==9846==    by 0x40B26A: __gnu_cxx::new_allocator<Snail>::allocate(unsigned long, void const*) (new_allocator.h:104)
==9846==    by 0x40B126: std::allocator_traits<std::allocator<Snail> >::allocate(std::allocator<Snail>&, unsigned long) (alloc_traits.h:491)
==9846==    by 0x40AF07: std::_Vector_base<Snail, std::allocator<Snail> >::_M_allocate(unsigned long) (stl_vector.h:170)
==9846==    by 0x40A9B1: void std::vector<Snail, std::allocator<Snail> >::_M_emplace_back_aux<ColorPair, Grass*&, int, int>(ColorPair&&, Grass*&, int&&, int&&) (vector.tcc:412)
==9846==    by 0x40A789: void std::vector<Snail, std::allocator<Snail> >::emplace_back<ColorPair, Grass*&, int, int>(ColorPair&&, Grass*&, int&&, int&&) (vector.tcc:101)
==9846==    by 0x40A473: SnailColony::add() (SnailColony.cpp:43)
==9846==    by 0x4088E9: main (main.cpp:22)
==9846== 
==9846== Invalid read of size 4
==9846==    at 0x409D93: Snail::drawMove(int&, int&) (Snail.cpp:143)
==9846==    by 0x409B05: Snail::makeRandomMove() (Snail.cpp:74)
==9846==    by 0x409E0D: Snail::snailThreadFn(void*) (Snail.cpp:157)
==9846==    by 0x528C6F9: start_thread (pthread_create.c:333)
==9846==    by 0x5E49B5C: clone (clone.S:109)
==9846==  Address 0x639554c is 60 bytes inside a block of size 96 free'd
==9846==    at 0x4C2F24B: operator delete(void*) (in /usr/lib/valgrind/vgpreload_memcheck-amd64-linux.so)
==9846==    by 0x40966D: __gnu_cxx::new_allocator<Snail>::deallocate(Snail*, unsigned long) (new_allocator.h:110)
==9846==    by 0x4095C5: std::allocator_traits<std::allocator<Snail> >::deallocate(std::allocator<Snail>&, Snail*, unsigned long) (alloc_traits.h:517)
==9846==    by 0x4094F3: std::_Vector_base<Snail, std::allocator<Snail> >::_M_deallocate(Snail*, unsigned long) (stl_vector.h:178)
==9846==    by 0x40AAE2: void std::vector<Snail, std::allocator<Snail> >::_M_emplace_back_aux<ColorPair, Grass*&, int, int>(ColorPair&&, Grass*&, int&&, int&&) (vector.tcc:438)
==9846==    by 0x40A789: void std::vector<Snail, std::allocator<Snail> >::emplace_back<ColorPair, Grass*&, int, int>(ColorPair&&, Grass*&, int&&, int&&) (vector.tcc:101)
==9846==    by 0x40A473: SnailColony::add() (SnailColony.cpp:43)
==9846==    by 0x4088FD: main (main.cpp:23)
==9846==  Block was alloc'd at
==9846==    at 0x4C2E0EF: operator new(unsigned long) (in /usr/lib/valgrind/vgpreload_memcheck-amd64-linux.so)
==9846==    by 0x40B26A: __gnu_cxx::new_allocator<Snail>::allocate(unsigned long, void const*) (new_allocator.h:104)
==9846==    by 0x40B126: std::allocator_traits<std::allocator<Snail> >::allocate(std::allocator<Snail>&, unsigned long) (alloc_traits.h:491)
==9846==    by 0x40AF07: std::_Vector_base<Snail, std::allocator<Snail> >::_M_allocate(unsigned long) (stl_vector.h:170)
==9846==    by 0x40A9B1: void std::vector<Snail, std::allocator<Snail> >::_M_emplace_back_aux<ColorPair, Grass*&, int, int>(ColorPair&&, Grass*&, int&&, int&&) (vector.tcc:412)
==9846==    by 0x40A789: void std::vector<Snail, std::allocator<Snail> >::emplace_back<ColorPair, Grass*&, int, int>(ColorPair&&, Grass*&, int&&, int&&) (vector.tcc:101)
==9846==    by 0x40A473: SnailColony::add() (SnailColony.cpp:43)
==9846==    by 0x4088E9: main (main.cpp:22)
==9846== 
==9846== Invalid read of size 4
==9846==    at 0x409DB2: Snail::drawMove(int&, int&) (Snail.cpp:147)
==9846==    by 0x409B05: Snail::makeRandomMove() (Snail.cpp:74)
==9846==    by 0x409E0D: Snail::snailThreadFn(void*) (Snail.cpp:157)
==9846==    by 0x528C6F9: start_thread (pthread_create.c:333)
==9846==    by 0x5E49B5C: clone (clone.S:109)
==9846==  Address 0x639554c is 60 bytes inside a block of size 96 free'd
==9846==    at 0x4C2F24B: operator delete(void*) (in /usr/lib/valgrind/vgpreload_memcheck-amd64-linux.so)
==9846==    by 0x40966D: __gnu_cxx::new_allocator<Snail>::deallocate(Snail*, unsigned long) (new_allocator.h:110)
==9846==    by 0x4095C5: std::allocator_traits<std::allocator<Snail> >::deallocate(std::allocator<Snail>&, Snail*, unsigned long) (alloc_traits.h:517)
==9846==    by 0x4094F3: std::_Vector_base<Snail, std::allocator<Snail> >::_M_deallocate(Snail*, unsigned long) (stl_vector.h:178)
==9846==    by 0x40AAE2: void std::vector<Snail, std::allocator<Snail> >::_M_emplace_back_aux<ColorPair, Grass*&, int, int>(ColorPair&&, Grass*&, int&&, int&&) (vector.tcc:438)
==9846==    by 0x40A789: void std::vector<Snail, std::allocator<Snail> >::emplace_back<ColorPair, Grass*&, int, int>(ColorPair&&, Grass*&, int&&, int&&) (vector.tcc:101)
==9846==    by 0x40A473: SnailColony::add() (SnailColony.cpp:43)
==9846==    by 0x4088FD: main (main.cpp:23)
==9846==  Block was alloc'd at
==9846==    at 0x4C2E0EF: operator new(unsigned long) (in /usr/lib/valgrind/vgpreload_memcheck-amd64-linux.so)
==9846==    by 0x40B26A: __gnu_cxx::new_allocator<Snail>::allocate(unsigned long, void const*) (new_allocator.h:104)
==9846==    by 0x40B126: std::allocator_traits<std::allocator<Snail> >::allocate(std::allocator<Snail>&, unsigned long) (alloc_traits.h:491)
==9846==    by 0x40AF07: std::_Vector_base<Snail, std::allocator<Snail> >::_M_allocate(unsigned long) (stl_vector.h:170)
==9846==    by 0x40A9B1: void std::vector<Snail, std::allocator<Snail> >::_M_emplace_back_aux<ColorPair, Grass*&, int, int>(ColorPair&&, Grass*&, int&&, int&&) (vector.tcc:412)
==9846==    by 0x40A789: void std::vector<Snail, std::allocator<Snail> >::emplace_back<ColorPair, Grass*&, int, int>(ColorPair&&, Grass*&, int&&, int&&) (vector.tcc:101)
==9846==    by 0x40A473: SnailColony::add() (SnailColony.cpp:43)
==9846==    by 0x4088E9: main (main.cpp:22)
==9846== 
==9846== Invalid read of size 8
==9846==    at 0x409DB9: Snail::drawMove(int&, int&) (Snail.cpp:147)
==9846==    by 0x409B05: Snail::makeRandomMove() (Snail.cpp:74)
==9846==    by 0x409E0D: Snail::snailThreadFn(void*) (Snail.cpp:157)
==9846==    by 0x528C6F9: start_thread (pthread_create.c:333)
==9846==    by 0x5E49B5C: clone (clone.S:109)
==9846==  Address 0x6395558 is 72 bytes inside a block of size 96 free'd
==9846==    at 0x4C2F24B: operator delete(void*) (in /usr/lib/valgrind/vgpreload_memcheck-amd64-linux.so)
==9846==    by 0x40966D: __gnu_cxx::new_allocator<Snail>::deallocate(Snail*, unsigned long) (new_allocator.h:110)
==9846==    by 0x4095C5: std::allocator_traits<std::allocator<Snail> >::deallocate(std::allocator<Snail>&, Snail*, unsigned long) (alloc_traits.h:517)
==9846==    by 0x4094F3: std::_Vector_base<Snail, std::allocator<Snail> >::_M_deallocate(Snail*, unsigned long) (stl_vector.h:178)
==9846==    by 0x40AAE2: void std::vector<Snail, std::allocator<Snail> >::_M_emplace_back_aux<ColorPair, Grass*&, int, int>(ColorPair&&, Grass*&, int&&, int&&) (vector.tcc:438)
==9846==    by 0x40A789: void std::vector<Snail, std::allocator<Snail> >::emplace_back<ColorPair, Grass*&, int, int>(ColorPair&&, Grass*&, int&&, int&&) (vector.tcc:101)
==9846==    by 0x40A473: SnailColony::add() (SnailColony.cpp:43)
==9846==    by 0x4088FD: main (main.cpp:23)
==9846==  Block was alloc'd at
==9846==    at 0x4C2E0EF: operator new(unsigned long) (in /usr/lib/valgrind/vgpreload_memcheck-amd64-linux.so)
==9846==    by 0x40B26A: __gnu_cxx::new_allocator<Snail>::allocate(unsigned long, void const*) (new_allocator.h:104)
==9846==    by 0x40B126: std::allocator_traits<std::allocator<Snail> >::allocate(std::allocator<Snail>&, unsigned long) (alloc_traits.h:491)
==9846==    by 0x40AF07: std::_Vector_base<Snail, std::allocator<Snail> >::_M_allocate(unsigned long) (stl_vector.h:170)
==9846==    by 0x40A9B1: void std::vector<Snail, std::allocator<Snail> >::_M_emplace_back_aux<ColorPair, Grass*&, int, int>(ColorPair&&, Grass*&, int&&, int&&) (vector.tcc:412)
==9846==    by 0x40A789: void std::vector<Snail, std::allocator<Snail> >::emplace_back<ColorPair, Grass*&, int, int>(ColorPair&&, Grass*&, int&&, int&&) (vector.tcc:101)
==9846==    by 0x40A473: SnailColony::add() (SnailColony.cpp:43)
==9846==    by 0x4088E9: main (main.cpp:22)
==9846== 
==9846== Invalid read of size 4
==9846==    at 0x409B0A: Snail::makeRandomMove() (Snail.cpp:75)
==9846==    by 0x409E0D: Snail::snailThreadFn(void*) (Snail.cpp:157)
==9846==    by 0x528C6F9: start_thread (pthread_create.c:333)
==9846==    by 0x5E49B5C: clone (clone.S:109)
==9846==  Address 0x6395548 is 56 bytes inside a block of size 96 free'd
==9846==    at 0x4C2F24B: operator delete(void*) (in /usr/lib/valgrind/vgpreload_memcheck-amd64-linux.so)
==9846==    by 0x40966D: __gnu_cxx::new_allocator<Snail>::deallocate(Snail*, unsigned long) (new_allocator.h:110)
==9846==    by 0x4095C5: std::allocator_traits<std::allocator<Snail> >::deallocate(std::allocator<Snail>&, Snail*, unsigned long) (alloc_traits.h:517)
==9846==    by 0x4094F3: std::_Vector_base<Snail, std::allocator<Snail> >::_M_deallocate(Snail*, unsigned long) (stl_vector.h:178)
==9846==    by 0x40AAE2: void std::vector<Snail, std::allocator<Snail> >::_M_emplace_back_aux<ColorPair, Grass*&, int, int>(ColorPair&&, Grass*&, int&&, int&&) (vector.tcc:438)
==9846==    by 0x40A789: void std::vector<Snail, std::allocator<Snail> >::emplace_back<ColorPair, Grass*&, int, int>(ColorPair&&, Grass*&, int&&, int&&) (vector.tcc:101)
==9846==    by 0x40A473: SnailColony::add() (SnailColony.cpp:43)
==9846==    by 0x4088FD: main (main.cpp:23)
==9846==  Block was alloc'd at
==9846==    at 0x4C2E0EF: operator new(unsigned long) (in /usr/lib/valgrind/vgpreload_memcheck-amd64-linux.so)
==9846==    by 0x40B26A: __gnu_cxx::new_allocator<Snail>::allocate(unsigned long, void const*) (new_allocator.h:104)
==9846==    by 0x40B126: std::allocator_traits<std::allocator<Snail> >::allocate(std::allocator<Snail>&, unsigned long) (alloc_traits.h:491)
==9846==    by 0x40AF07: std::_Vector_base<Snail, std::allocator<Snail> >::_M_allocate(unsigned long) (stl_vector.h:170)
==9846==    by 0x40A9B1: void std::vector<Snail, std::allocator<Snail> >::_M_emplace_back_aux<ColorPair, Grass*&, int, int>(ColorPair&&, Grass*&, int&&, int&&) (vector.tcc:412)
==9846==    by 0x40A789: void std::vector<Snail, std::allocator<Snail> >::emplace_back<ColorPair, Grass*&, int, int>(ColorPair&&, Grass*&, int&&, int&&) (vector.tcc:101)
==9846==    by 0x40A473: SnailColony::add() (SnailColony.cpp:43)
==9846==    by 0x4088E9: main (main.cpp:22)
==9846== 
==9846== Invalid write of size 4
==9846==    at 0x409B16: Snail::makeRandomMove() (Snail.cpp:75)
==9846==    by 0x409E0D: Snail::snailThreadFn(void*) (Snail.cpp:157)
==9846==    by 0x528C6F9: start_thread (pthread_create.c:333)
==9846==    by 0x5E49B5C: clone (clone.S:109)
==9846==  Address 0x6395548 is 56 bytes inside a block of size 96 free'd
==9846==    at 0x4C2F24B: operator delete(void*) (in /usr/lib/valgrind/vgpreload_memcheck-amd64-linux.so)
==9846==    by 0x40966D: __gnu_cxx::new_allocator<Snail>::deallocate(Snail*, unsigned long) (new_allocator.h:110)
==9846==    by 0x4095C5: std::allocator_traits<std::allocator<Snail> >::deallocate(std::allocator<Snail>&, Snail*, unsigned long) (alloc_traits.h:517)
==9846==    by 0x4094F3: std::_Vector_base<Snail, std::allocator<Snail> >::_M_deallocate(Snail*, unsigned long) (stl_vector.h:178)
==9846==    by 0x40AAE2: void std::vector<Snail, std::allocator<Snail> >::_M_emplace_back_aux<ColorPair, Grass*&, int, int>(ColorPair&&, Grass*&, int&&, int&&) (vector.tcc:438)
==9846==    by 0x40A789: void std::vector<Snail, std::allocator<Snail> >::emplace_back<ColorPair, Grass*&, int, int>(ColorPair&&, Grass*&, int&&, int&&) (vector.tcc:101)
==9846==    by 0x40A473: SnailColony::add() (SnailColony.cpp:43)
==9846==    by 0x4088FD: main (main.cpp:23)
==9846==  Block was alloc'd at
==9846==    at 0x4C2E0EF: operator new(unsigned long) (in /usr/lib/valgrind/vgpreload_memcheck-amd64-linux.so)
==9846==    by 0x40B26A: __gnu_cxx::new_allocator<Snail>::allocate(unsigned long, void const*) (new_allocator.h:104)
==9846==    by 0x40B126: std::allocator_traits<std::allocator<Snail> >::allocate(std::allocator<Snail>&, unsigned long) (alloc_traits.h:491)
==9846==    by 0x40AF07: std::_Vector_base<Snail, std::allocator<Snail> >::_M_allocate(unsigned long) (stl_vector.h:170)
==9846==    by 0x40A9B1: void std::vector<Snail, std::allocator<Snail> >::_M_emplace_back_aux<ColorPair, Grass*&, int, int>(ColorPair&&, Grass*&, int&&, int&&) (vector.tcc:412)
==9846==    by 0x40A789: void std::vector<Snail, std::allocator<Snail> >::emplace_back<ColorPair, Grass*&, int, int>(ColorPair&&, Grass*&, int&&, int&&) (vector.tcc:101)
==9846==    by 0x40A473: SnailColony::add() (SnailColony.cpp:43)
==9846==    by 0x4088E9: main (main.cpp:22)
==9846== 
==9846== Invalid read of size 4
==9846==    at 0x409B1D: Snail::makeRandomMove() (Snail.cpp:76)
==9846==    by 0x409E0D: Snail::snailThreadFn(void*) (Snail.cpp:157)
==9846==    by 0x528C6F9: start_thread (pthread_create.c:333)
==9846==    by 0x5E49B5C: clone (clone.S:109)
==9846==  Address 0x639554c is 60 bytes inside a block of size 96 free'd
==9846==    at 0x4C2F24B: operator delete(void*) (in /usr/lib/valgrind/vgpreload_memcheck-amd64-linux.so)
==9846==    by 0x40966D: __gnu_cxx::new_allocator<Snail>::deallocate(Snail*, unsigned long) (new_allocator.h:110)
==9846==    by 0x4095C5: std::allocator_traits<std::allocator<Snail> >::deallocate(std::allocator<Snail>&, Snail*, unsigned long) (alloc_traits.h:517)
==9846==    by 0x4094F3: std::_Vector_base<Snail, std::allocator<Snail> >::_M_deallocate(Snail*, unsigned long) (stl_vector.h:178)
==9846==    by 0x40AAE2: void std::vector<Snail, std::allocator<Snail> >::_M_emplace_back_aux<ColorPair, Grass*&, int, int>(ColorPair&&, Grass*&, int&&, int&&) (vector.tcc:438)
==9846==    by 0x40A789: void std::vector<Snail, std::allocator<Snail> >::emplace_back<ColorPair, Grass*&, int, int>(ColorPair&&, Grass*&, int&&, int&&) (vector.tcc:101)
==9846==    by 0x40A473: SnailColony::add() (SnailColony.cpp:43)
==9846==    by 0x4088FD: main (main.cpp:23)
==9846==  Block was alloc'd at
==9846==    at 0x4C2E0EF: operator new(unsigned long) (in /usr/lib/valgrind/vgpreload_memcheck-amd64-linux.so)
==9846==    by 0x40B26A: __gnu_cxx::new_allocator<Snail>::allocate(unsigned long, void const*) (new_allocator.h:104)
==9846==    by 0x40B126: std::allocator_traits<std::allocator<Snail> >::allocate(std::allocator<Snail>&, unsigned long) (alloc_traits.h:491)
==9846==    by 0x40AF07: std::_Vector_base<Snail, std::allocator<Snail> >::_M_allocate(unsigned long) (stl_vector.h:170)
==9846==    by 0x40A9B1: void std::vector<Snail, std::allocator<Snail> >::_M_emplace_back_aux<ColorPair, Grass*&, int, int>(ColorPair&&, Grass*&, int&&, int&&) (vector.tcc:412)
==9846==    by 0x40A789: void std::vector<Snail, std::allocator<Snail> >::emplace_back<ColorPair, Grass*&, int, int>(ColorPair&&, Grass*&, int&&, int&&) (vector.tcc:101)
==9846==    by 0x40A473: SnailColony::add() (SnailColony.cpp:43)
==9846==    by 0x4088E9: main (main.cpp:22)
==9846== 
==9846== Invalid write of size 4
==9846==    at 0x409B29: Snail::makeRandomMove() (Snail.cpp:76)
==9846==    by 0x409E0D: Snail::snailThreadFn(void*) (Snail.cpp:157)
==9846==    by 0x528C6F9: start_thread (pthread_create.c:333)
==9846==    by 0x5E49B5C: clone (clone.S:109)
==9846==  Address 0x639554c is 60 bytes inside a block of size 96 free'd
==9846==    at 0x4C2F24B: operator delete(void*) (in /usr/lib/valgrind/vgpreload_memcheck-amd64-linux.so)
==9846==    by 0x40966D: __gnu_cxx::new_allocator<Snail>::deallocate(Snail*, unsigned long) (new_allocator.h:110)
==9846==    by 0x4095C5: std::allocator_traits<std::allocator<Snail> >::deallocate(std::allocator<Snail>&, Snail*, unsigned long) (alloc_traits.h:517)
==9846==    by 0x4094F3: std::_Vector_base<Snail, std::allocator<Snail> >::_M_deallocate(Snail*, unsigned long) (stl_vector.h:178)
==9846==    by 0x40AAE2: void std::vector<Snail, std::allocator<Snail> >::_M_emplace_back_aux<ColorPair, Grass*&, int, int>(ColorPair&&, Grass*&, int&&, int&&) (vector.tcc:438)
==9846==    by 0x40A789: void std::vector<Snail, std::allocator<Snail> >::emplace_back<ColorPair, Grass*&, int, int>(ColorPair&&, Grass*&, int&&, int&&) (vector.tcc:101)
==9846==    by 0x40A473: SnailColony::add() (SnailColony.cpp:43)
==9846==    by 0x4088FD: main (main.cpp:23)
==9846==  Block was alloc'd at
==9846==    at 0x4C2E0EF: operator new(unsigned long) (in /usr/lib/valgrind/vgpreload_memcheck-amd64-linux.so)
==9846==    by 0x40B26A: __gnu_cxx::new_allocator<Snail>::allocate(unsigned long, void const*) (new_allocator.h:104)
==9846==    by 0x40B126: std::allocator_traits<std::allocator<Snail> >::allocate(std::allocator<Snail>&, unsigned long) (alloc_traits.h:491)
==9846==    by 0x40AF07: std::_Vector_base<Snail, std::allocator<Snail> >::_M_allocate(unsigned long) (stl_vector.h:170)
==9846==    by 0x40A9B1: void std::vector<Snail, std::allocator<Snail> >::_M_emplace_back_aux<ColorPair, Grass*&, int, int>(ColorPair&&, Grass*&, int&&, int&&) (vector.tcc:412)
==9846==    by 0x40A789: void std::vector<Snail, std::allocator<Snail> >::emplace_back<ColorPair, Grass*&, int, int>(ColorPair&&, Grass*&, int&&, int&&) (vector.tcc:101)
==9846==    by 0x40A473: SnailColony::add() (SnailColony.cpp:43)
==9846==    by 0x4088E9: main (main.cpp:22)
==9846== 
==9846== Invalid read of size 4
==9846==    at 0x409B30: Snail::makeRandomMove() (Snail.cpp:77)
==9846==    by 0x409E0D: Snail::snailThreadFn(void*) (Snail.cpp:157)
==9846==    by 0x528C6F9: start_thread (pthread_create.c:333)
==9846==    by 0x5E49B5C: clone (clone.S:109)
==9846==  Address 0x6395548 is 56 bytes inside a block of size 96 free'd
==9846==    at 0x4C2F24B: operator delete(void*) (in /usr/lib/valgrind/vgpreload_memcheck-amd64-linux.so)
==9846==    by 0x40966D: __gnu_cxx::new_allocator<Snail>::deallocate(Snail*, unsigned long) (new_allocator.h:110)
==9846==    by 0x4095C5: std::allocator_traits<std::allocator<Snail> >::deallocate(std::allocator<Snail>&, Snail*, unsigned long) (alloc_traits.h:517)
==9846==    by 0x4094F3: std::_Vector_base<Snail, std::allocator<Snail> >::_M_deallocate(Snail*, unsigned long) (stl_vector.h:178)
==9846==    by 0x40AAE2: void std::vector<Snail, std::allocator<Snail> >::_M_emplace_back_aux<ColorPair, Grass*&, int, int>(ColorPair&&, Grass*&, int&&, int&&) (vector.tcc:438)
==9846==    by 0x40A789: void std::vector<Snail, std::allocator<Snail> >::emplace_back<ColorPair, Grass*&, int, int>(ColorPair&&, Grass*&, int&&, int&&) (vector.tcc:101)
==9846==    by 0x40A473: SnailColony::add() (SnailColony.cpp:43)
==9846==    by 0x4088FD: main (main.cpp:23)
==9846==  Block was alloc'd at
==9846==    at 0x4C2E0EF: operator new(unsigned long) (in /usr/lib/valgrind/vgpreload_memcheck-amd64-linux.so)
==9846==    by 0x40B26A: __gnu_cxx::new_allocator<Snail>::allocate(unsigned long, void const*) (new_allocator.h:104)
==9846==    by 0x40B126: std::allocator_traits<std::allocator<Snail> >::allocate(std::allocator<Snail>&, unsigned long) (alloc_traits.h:491)
==9846==    by 0x40AF07: std::_Vector_base<Snail, std::allocator<Snail> >::_M_allocate(unsigned long) (stl_vector.h:170)
==9846==    by 0x40A9B1: void std::vector<Snail, std::allocator<Snail> >::_M_emplace_back_aux<ColorPair, Grass*&, int, int>(ColorPair&&, Grass*&, int&&, int&&) (vector.tcc:412)
==9846==    by 0x40A789: void std::vector<Snail, std::allocator<Snail> >::emplace_back<ColorPair, Grass*&, int, int>(ColorPair&&, Grass*&, int&&, int&&) (vector.tcc:101)
==9846==    by 0x40A473: SnailColony::add() (SnailColony.cpp:43)
==9846==    by 0x4088E9: main (main.cpp:22)
==9846== 
==9846== Invalid read of size 4
==9846==    at 0x409B3A: Snail::makeRandomMove() (Snail.cpp:78)
==9846==    by 0x409E0D: Snail::snailThreadFn(void*) (Snail.cpp:157)
==9846==    by 0x528C6F9: start_thread (pthread_create.c:333)
==9846==    by 0x5E49B5C: clone (clone.S:109)
==9846==  Address 0x639554c is 60 bytes inside a block of size 96 free'd
==9846==    at 0x4C2F24B: operator delete(void*) (in /usr/lib/valgrind/vgpreload_memcheck-amd64-linux.so)
==9846==    by 0x40966D: __gnu_cxx::new_allocator<Snail>::deallocate(Snail*, unsigned long) (new_allocator.h:110)
==9846==    by 0x4095C5: std::allocator_traits<std::allocator<Snail> >::deallocate(std::allocator<Snail>&, Snail*, unsigned long) (alloc_traits.h:517)
==9846==    by 0x4094F3: std::_Vector_base<Snail, std::allocator<Snail> >::_M_deallocate(Snail*, unsigned long) (stl_vector.h:178)
==9846==    by 0x40AAE2: void std::vector<Snail, std::allocator<Snail> >::_M_emplace_back_aux<ColorPair, Grass*&, int, int>(ColorPair&&, Grass*&, int&&, int&&) (vector.tcc:438)
==9846==    by 0x40A789: void std::vector<Snail, std::allocator<Snail> >::emplace_back<ColorPair, Grass*&, int, int>(ColorPair&&, Grass*&, int&&, int&&) (vector.tcc:101)
==9846==    by 0x40A473: SnailColony::add() (SnailColony.cpp:43)
==9846==    by 0x4088FD: main (main.cpp:23)
==9846==  Block was alloc'd at
==9846==    at 0x4C2E0EF: operator new(unsigned long) (in /usr/lib/valgrind/vgpreload_memcheck-amd64-linux.so)
==9846==    by 0x40B26A: __gnu_cxx::new_allocator<Snail>::allocate(unsigned long, void const*) (new_allocator.h:104)
==9846==    by 0x40B126: std::allocator_traits<std::allocator<Snail> >::allocate(std::allocator<Snail>&, unsigned long) (alloc_traits.h:491)
==9846==    by 0x40AF07: std::_Vector_base<Snail, std::allocator<Snail> >::_M_allocate(unsigned long) (stl_vector.h:170)
==9846==    by 0x40A9B1: void std::vector<Snail, std::allocator<Snail> >::_M_emplace_back_aux<ColorPair, Grass*&, int, int>(ColorPair&&, Grass*&, int&&, int&&) (vector.tcc:412)
==9846==    by 0x40A789: void std::vector<Snail, std::allocator<Snail> >::emplace_back<ColorPair, Grass*&, int, int>(ColorPair&&, Grass*&, int&&, int&&) (vector.tcc:101)
==9846==    by 0x40A473: SnailColony::add() (SnailColony.cpp:43)
==9846==    by 0x4088E9: main (main.cpp:22)
==9846== 
==9846== Invalid read of size 4
==9846==    at 0x409A51: Snail::eat() (Snail.cpp:63)
==9846==    by 0x409B4B: Snail::makeRandomMove() (Snail.cpp:79)
==9846==    by 0x409E0D: Snail::snailThreadFn(void*) (Snail.cpp:157)
==9846==    by 0x528C6F9: start_thread (pthread_create.c:333)
==9846==    by 0x5E49B5C: clone (clone.S:109)
==9846==  Address 0x6395560 is 80 bytes inside a block of size 96 free'd
==9846==    at 0x4C2F24B: operator delete(void*) (in /usr/lib/valgrind/vgpreload_memcheck-amd64-linux.so)
==9846==    by 0x40966D: __gnu_cxx::new_allocator<Snail>::deallocate(Snail*, unsigned long) (new_allocator.h:110)
==9846==    by 0x4095C5: std::allocator_traits<std::allocator<Snail> >::deallocate(std::allocator<Snail>&, Snail*, unsigned long) (alloc_traits.h:517)
==9846==    by 0x4094F3: std::_Vector_base<Snail, std::allocator<Snail> >::_M_deallocate(Snail*, unsigned long) (stl_vector.h:178)
==9846==    by 0x40AAE2: void std::vector<Snail, std::allocator<Snail> >::_M_emplace_back_aux<ColorPair, Grass*&, int, int>(ColorPair&&, Grass*&, int&&, int&&) (vector.tcc:438)
==9846==    by 0x40A789: void std::vector<Snail, std::allocator<Snail> >::emplace_back<ColorPair, Grass*&, int, int>(ColorPair&&, Grass*&, int&&, int&&) (vector.tcc:101)
==9846==    by 0x40A473: SnailColony::add() (SnailColony.cpp:43)
==9846==    by 0x4088FD: main (main.cpp:23)
==9846==  Block was alloc'd at
==9846==    at 0x4C2E0EF: operator new(unsigned long) (in /usr/lib/valgrind/vgpreload_memcheck-amd64-linux.so)
==9846==    by 0x40B26A: __gnu_cxx::new_allocator<Snail>::allocate(unsigned long, void const*) (new_allocator.h:104)
==9846==    by 0x40B126: std::allocator_traits<std::allocator<Snail> >::allocate(std::allocator<Snail>&, unsigned long) (alloc_traits.h:491)
==9846==    by 0x40AF07: std::_Vector_base<Snail, std::allocator<Snail> >::_M_allocate(unsigned long) (stl_vector.h:170)
==9846==    by 0x40A9B1: void std::vector<Snail, std::allocator<Snail> >::_M_emplace_back_aux<ColorPair, Grass*&, int, int>(ColorPair&&, Grass*&, int&&, int&&) (vector.tcc:412)
==9846==    by 0x40A789: void std::vector<Snail, std::allocator<Snail> >::emplace_back<ColorPair, Grass*&, int, int>(ColorPair&&, Grass*&, int&&, int&&) (vector.tcc:101)
==9846==    by 0x40A473: SnailColony::add() (SnailColony.cpp:43)
==9846==    by 0x4088E9: main (main.cpp:22)
==9846== 
==9846== Invalid read of size 4
==9846==    at 0x409A5A: Snail::eat() (Snail.cpp:63)
==9846==    by 0x409B4B: Snail::makeRandomMove() (Snail.cpp:79)
==9846==    by 0x409E0D: Snail::snailThreadFn(void*) (Snail.cpp:157)
==9846==    by 0x528C6F9: start_thread (pthread_create.c:333)
==9846==    by 0x5E49B5C: clone (clone.S:109)
==9846==  Address 0x639554c is 60 bytes inside a block of size 96 free'd
==9846==    at 0x4C2F24B: operator delete(void*) (in /usr/lib/valgrind/vgpreload_memcheck-amd64-linux.so)
==9846==    by 0x40966D: __gnu_cxx::new_allocator<Snail>::deallocate(Snail*, unsigned long) (new_allocator.h:110)
==9846==    by 0x4095C5: std::allocator_traits<std::allocator<Snail> >::deallocate(std::allocator<Snail>&, Snail*, unsigned long) (alloc_traits.h:517)
==9846==    by 0x4094F3: std::_Vector_base<Snail, std::allocator<Snail> >::_M_deallocate(Snail*, unsigned long) (stl_vector.h:178)
==9846==    by 0x40AAE2: void std::vector<Snail, std::allocator<Snail> >::_M_emplace_back_aux<ColorPair, Grass*&, int, int>(ColorPair&&, Grass*&, int&&, int&&) (vector.tcc:438)
==9846==    by 0x40A789: void std::vector<Snail, std::allocator<Snail> >::emplace_back<ColorPair, Grass*&, int, int>(ColorPair&&, Grass*&, int&&, int&&) (vector.tcc:101)
==9846==    by 0x40A473: SnailColony::add() (SnailColony.cpp:43)
==9846==    by 0x4088FD: main (main.cpp:23)
==9846==  Block was alloc'd at
==9846==    at 0x4C2E0EF: operator new(unsigned long) (in /usr/lib/valgrind/vgpreload_memcheck-amd64-linux.so)
==9846==    by 0x40B26A: __gnu_cxx::new_allocator<Snail>::allocate(unsigned long, void const*) (new_allocator.h:104)
==9846==    by 0x40B126: std::allocator_traits<std::allocator<Snail> >::allocate(std::allocator<Snail>&, unsigned long) (alloc_traits.h:491)
==9846==    by 0x40AF07: std::_Vector_base<Snail, std::allocator<Snail> >::_M_allocate(unsigned long) (stl_vector.h:170)
==9846==    by 0x40A9B1: void std::vector<Snail, std::allocator<Snail> >::_M_emplace_back_aux<ColorPair, Grass*&, int, int>(ColorPair&&, Grass*&, int&&, int&&) (vector.tcc:412)
==9846==    by 0x40A789: void std::vector<Snail, std::allocator<Snail> >::emplace_back<ColorPair, Grass*&, int, int>(ColorPair&&, Grass*&, int&&, int&&) (vector.tcc:101)
==9846==    by 0x40A473: SnailColony::add() (SnailColony.cpp:43)
==9846==    by 0x4088E9: main (main.cpp:22)
==9846== 
==9846== Invalid read of size 4
==9846==    at 0x409A61: Snail::eat() (Snail.cpp:63)
==9846==    by 0x409B4B: Snail::makeRandomMove() (Snail.cpp:79)
==9846==    by 0x409E0D: Snail::snailThreadFn(void*) (Snail.cpp:157)
==9846==    by 0x528C6F9: start_thread (pthread_create.c:333)
==9846==    by 0x5E49B5C: clone (clone.S:109)
==9846==  Address 0x6395548 is 56 bytes inside a block of size 96 free'd
==9846==    at 0x4C2F24B: operator delete(void*) (in /usr/lib/valgrind/vgpreload_memcheck-amd64-linux.so)
==9846==    by 0x40966D: __gnu_cxx::new_allocator<Snail>::deallocate(Snail*, unsigned long) (new_allocator.h:110)
==9846==    by 0x4095C5: std::allocator_traits<std::allocator<Snail> >::deallocate(std::allocator<Snail>&, Snail*, unsigned long) (alloc_traits.h:517)
==9846==    by 0x4094F3: std::_Vector_base<Snail, std::allocator<Snail> >::_M_deallocate(Snail*, unsigned long) (stl_vector.h:178)
==9846==    by 0x40AAE2: void std::vector<Snail, std::allocator<Snail> >::_M_emplace_back_aux<ColorPair, Grass*&, int, int>(ColorPair&&, Grass*&, int&&, int&&) (vector.tcc:438)
==9846==    by 0x40A789: void std::vector<Snail, std::allocator<Snail> >::emplace_back<ColorPair, Grass*&, int, int>(ColorPair&&, Grass*&, int&&, int&&) (vector.tcc:101)
==9846==    by 0x40A473: SnailColony::add() (SnailColony.cpp:43)
==9846==    by 0x4088FD: main (main.cpp:23)
==9846==  Block was alloc'd at
==9846==    at 0x4C2E0EF: operator new(unsigned long) (in /usr/lib/valgrind/vgpreload_memcheck-amd64-linux.so)
==9846==    by 0x40B26A: __gnu_cxx::new_allocator<Snail>::allocate(unsigned long, void const*) (new_allocator.h:104)
==9846==    by 0x40B126: std::allocator_traits<std::allocator<Snail> >::allocate(std::allocator<Snail>&, unsigned long) (alloc_traits.h:491)
==9846==    by 0x40AF07: std::_Vector_base<Snail, std::allocator<Snail> >::_M_allocate(unsigned long) (stl_vector.h:170)
==9846==    by 0x40A9B1: void std::vector<Snail, std::allocator<Snail> >::_M_emplace_back_aux<ColorPair, Grass*&, int, int>(ColorPair&&, Grass*&, int&&, int&&) (vector.tcc:412)
==9846==    by 0x40A789: void std::vector<Snail, std::allocator<Snail> >::emplace_back<ColorPair, Grass*&, int, int>(ColorPair&&, Grass*&, int&&, int&&) (vector.tcc:101)
==9846==    by 0x40A473: SnailColony::add() (SnailColony.cpp:43)
==9846==    by 0x4088E9: main (main.cpp:22)
==9846== 
==9846== Invalid read of size 8
==9846==    at 0x409A68: Snail::eat() (Snail.cpp:63)
==9846==    by 0x409B4B: Snail::makeRandomMove() (Snail.cpp:79)
==9846==    by 0x409E0D: Snail::snailThreadFn(void*) (Snail.cpp:157)
==9846==    by 0x528C6F9: start_thread (pthread_create.c:333)
==9846==    by 0x5E49B5C: clone (clone.S:109)
==9846==  Address 0x6395558 is 72 bytes inside a block of size 96 free'd
==9846==    at 0x4C2F24B: operator delete(void*) (in /usr/lib/valgrind/vgpreload_memcheck-amd64-linux.so)
==9846==    by 0x40966D: __gnu_cxx::new_allocator<Snail>::deallocate(Snail*, unsigned long) (new_allocator.h:110)
==9846==    by 0x4095C5: std::allocator_traits<std::allocator<Snail> >::deallocate(std::allocator<Snail>&, Snail*, unsigned long) (alloc_traits.h:517)
==9846==    by 0x4094F3: std::_Vector_base<Snail, std::allocator<Snail> >::_M_deallocate(Snail*, unsigned long) (stl_vector.h:178)
==9846==    by 0x40AAE2: void std::vector<Snail, std::allocator<Snail> >::_M_emplace_back_aux<ColorPair, Grass*&, int, int>(ColorPair&&, Grass*&, int&&, int&&) (vector.tcc:438)
==9846==    by 0x40A789: void std::vector<Snail, std::allocator<Snail> >::emplace_back<ColorPair, Grass*&, int, int>(ColorPair&&, Grass*&, int&&, int&&) (vector.tcc:101)
==9846==    by 0x40A473: SnailColony::add() (SnailColony.cpp:43)
==9846==    by 0x4088FD: main (main.cpp:23)
==9846==  Block was alloc'd at
==9846==    at 0x4C2E0EF: operator new(unsigned long) (in /usr/lib/valgrind/vgpreload_memcheck-amd64-linux.so)
==9846==    by 0x40B26A: __gnu_cxx::new_allocator<Snail>::allocate(unsigned long, void const*) (new_allocator.h:104)
==9846==    by 0x40B126: std::allocator_traits<std::allocator<Snail> >::allocate(std::allocator<Snail>&, unsigned long) (alloc_traits.h:491)
==9846==    by 0x40AF07: std::_Vector_base<Snail, std::allocator<Snail> >::_M_allocate(unsigned long) (stl_vector.h:170)
==9846==    by 0x40A9B1: void std::vector<Snail, std::allocator<Snail> >::_M_emplace_back_aux<ColorPair, Grass*&, int, int>(ColorPair&&, Grass*&, int&&, int&&) (vector.tcc:412)
==9846==    by 0x40A789: void std::vector<Snail, std::allocator<Snail> >::emplace_back<ColorPair, Grass*&, int, int>(ColorPair&&, Grass*&, int&&, int&&) (vector.tcc:101)
==9846==    by 0x40A473: SnailColony::add() (SnailColony.cpp:43)
==9846==    by 0x4088E9: main (main.cpp:22)
==9846== 
==9846== Invalid read of size 4
==9846==    at 0x409A86: Snail::eat() (Snail.cpp:63)
==9846==    by 0x409B4B: Snail::makeRandomMove() (Snail.cpp:79)
==9846==    by 0x409E0D: Snail::snailThreadFn(void*) (Snail.cpp:157)
==9846==    by 0x528C6F9: start_thread (pthread_create.c:333)
==9846==    by 0x5E49B5C: clone (clone.S:109)
==9846==  Address 0x6395560 is 80 bytes inside a block of size 96 free'd
==9846==    at 0x4C2F24B: operator delete(void*) (in /usr/lib/valgrind/vgpreload_memcheck-amd64-linux.so)
==9846==    by 0x40966D: __gnu_cxx::new_allocator<Snail>::deallocate(Snail*, unsigned long) (new_allocator.h:110)
==9846==    by 0x4095C5: std::allocator_traits<std::allocator<Snail> >::deallocate(std::allocator<Snail>&, Snail*, unsigned long) (alloc_traits.h:517)
==9846==    by 0x4094F3: std::_Vector_base<Snail, std::allocator<Snail> >::_M_deallocate(Snail*, unsigned long) (stl_vector.h:178)
==9846==    by 0x40AAE2: void std::vector<Snail, std::allocator<Snail> >::_M_emplace_back_aux<ColorPair, Grass*&, int, int>(ColorPair&&, Grass*&, int&&, int&&) (vector.tcc:438)
==9846==    by 0x40A789: void std::vector<Snail, std::allocator<Snail> >::emplace_back<ColorPair, Grass*&, int, int>(ColorPair&&, Grass*&, int&&, int&&) (vector.tcc:101)
==9846==    by 0x40A473: SnailColony::add() (SnailColony.cpp:43)
==9846==    by 0x4088FD: main (main.cpp:23)
==9846==  Block was alloc'd at
==9846==    at 0x4C2E0EF: operator new(unsigned long) (in /usr/lib/valgrind/vgpreload_memcheck-amd64-linux.so)
==9846==    by 0x40B26A: __gnu_cxx::new_allocator<Snail>::allocate(unsigned long, void const*) (new_allocator.h:104)
==9846==    by 0x40B126: std::allocator_traits<std::allocator<Snail> >::allocate(std::allocator<Snail>&, unsigned long) (alloc_traits.h:491)
==9846==    by 0x40AF07: std::_Vector_base<Snail, std::allocator<Snail> >::_M_allocate(unsigned long) (stl_vector.h:170)
==9846==    by 0x40A9B1: void std::vector<Snail, std::allocator<Snail> >::_M_emplace_back_aux<ColorPair, Grass*&, int, int>(ColorPair&&, Grass*&, int&&, int&&) (vector.tcc:412)
==9846==    by 0x40A789: void std::vector<Snail, std::allocator<Snail> >::emplace_back<ColorPair, Grass*&, int, int>(ColorPair&&, Grass*&, int&&, int&&) (vector.tcc:101)
==9846==    by 0x40A473: SnailColony::add() (SnailColony.cpp:43)
==9846==    by 0x4088E9: main (main.cpp:22)
==9846== 
==9846== Invalid write of size 4
==9846==    at 0x409A91: Snail::eat() (Snail.cpp:63)
==9846==    by 0x409B4B: Snail::makeRandomMove() (Snail.cpp:79)
==9846==    by 0x409E0D: Snail::snailThreadFn(void*) (Snail.cpp:157)
==9846==    by 0x528C6F9: start_thread (pthread_create.c:333)
==9846==    by 0x5E49B5C: clone (clone.S:109)
==9846==  Address 0x6395560 is 80 bytes inside a block of size 96 free'd
==9846==    at 0x4C2F24B: operator delete(void*) (in /usr/lib/valgrind/vgpreload_memcheck-amd64-linux.so)
==9846==    by 0x40966D: __gnu_cxx::new_allocator<Snail>::deallocate(Snail*, unsigned long) (new_allocator.h:110)
==9846==    by 0x4095C5: std::allocator_traits<std::allocator<Snail> >::deallocate(std::allocator<Snail>&, Snail*, unsigned long) (alloc_traits.h:517)
==9846==    by 0x4094F3: std::_Vector_base<Snail, std::allocator<Snail> >::_M_deallocate(Snail*, unsigned long) (stl_vector.h:178)
==9846==    by 0x40AAE2: void std::vector<Snail, std::allocator<Snail> >::_M_emplace_back_aux<ColorPair, Grass*&, int, int>(ColorPair&&, Grass*&, int&&, int&&) (vector.tcc:438)
==9846==    by 0x40A789: void std::vector<Snail, std::allocator<Snail> >::emplace_back<ColorPair, Grass*&, int, int>(ColorPair&&, Grass*&, int&&, int&&) (vector.tcc:101)
==9846==    by 0x40A473: SnailColony::add() (SnailColony.cpp:43)
==9846==    by 0x4088FD: main (main.cpp:23)
==9846==  Block was alloc'd at
==9846==    at 0x4C2E0EF: operator new(unsigned long) (in /usr/lib/valgrind/vgpreload_memcheck-amd64-linux.so)
==9846==    by 0x40B26A: __gnu_cxx::new_allocator<Snail>::allocate(unsigned long, void const*) (new_allocator.h:104)
==9846==    by 0x40B126: std::allocator_traits<std::allocator<Snail> >::allocate(std::allocator<Snail>&, unsigned long) (alloc_traits.h:491)
==9846==    by 0x40AF07: std::_Vector_base<Snail, std::allocator<Snail> >::_M_allocate(unsigned long) (stl_vector.h:170)
==9846==    by 0x40A9B1: void std::vector<Snail, std::allocator<Snail> >::_M_emplace_back_aux<ColorPair, Grass*&, int, int>(ColorPair&&, Grass*&, int&&, int&&) (vector.tcc:412)
==9846==    by 0x40A789: void std::vector<Snail, std::allocator<Snail> >::emplace_back<ColorPair, Grass*&, int, int>(ColorPair&&, Grass*&, int&&, int&&) (vector.tcc:101)
==9846==    by 0x40A473: SnailColony::add() (SnailColony.cpp:43)
==9846==    by 0x4088E9: main (main.cpp:22)
==9846== 
==9846== 
==9846== Process terminating with default action of signal 11 (SIGSEGV)
==9846==  Bad permissions for mapped region at address 0x40DA58
==9846==    at 0x40A1BB: Tile::shrink(unsigned int) (Tile.cpp:59)
==9846==    by 0x409A7F: Snail::eat() (Snail.cpp:63)
==9846==    by 0x409B4B: Snail::makeRandomMove() (Snail.cpp:79)
==9846==    by 0x409E0D: Snail::snailThreadFn(void*) (Snail.cpp:157)
==9846==    by 0x528C6F9: start_thread (pthread_create.c:333)
==9846==    by 0x5E49B5C: clone (clone.S:109)
==9846== 
==9846== HEAP SUMMARY:
==9846==     in use at exit: 501,704 bytes in 400 blocks
==9846==   total heap usage: 423 allocs, 23 frees, 520,217 bytes allocated
==9846== 
==9846== LEAK SUMMARY:
==9846==    definitely lost: 0 bytes in 0 blocks
==9846==    indirectly lost: 0 bytes in 0 blocks
==9846==      possibly lost: 1,152 bytes in 4 blocks
==9846==    still reachable: 500,552 bytes in 396 blocks
==9846==         suppressed: 0 bytes in 0 blocks
==9846== Rerun with --leak-check=full to see details of leaked memory
==9846== 
==9846== For counts of detected and suppressed errors, rerun with: -v
==9846== ERROR SUMMARY: 25 errors from 25 contexts (suppressed: 0 from 0)
